{"/Users/Web Final Project/t1-backend-web-api-Dawa1234/script.js": {"path":"/Users/Web Final Project/t1-backend-web-api-Dawa1234/script.js","statementMap":{"0":{"start":{"line":2,"column":0},"end":{"line":2,"column":27}},"1":{"start":{"line":4,"column":16},"end":{"line":4,"column":34}},"2":{"start":{"line":5,"column":13},"end":{"line":5,"column":28}},"3":{"start":{"line":6,"column":15},"end":{"line":6,"column":32}},"4":{"start":{"line":7,"column":13},"end":{"line":7,"column":28}},"5":{"start":{"line":8,"column":12},"end":{"line":8,"column":21}},"6":{"start":{"line":10,"column":17},"end":{"line":10,"column":36}},"7":{"start":{"line":12,"column":18},"end":{"line":12,"column":48}},"8":{"start":{"line":13,"column":21},"end":{"line":13,"column":62}},"9":{"start":{"line":14,"column":21},"end":{"line":14,"column":58}},"10":{"start":{"line":15,"column":19},"end":{"line":15,"column":50}},"11":{"start":{"line":16,"column":25},"end":{"line":16,"column":62}},"12":{"start":{"line":18,"column":23},"end":{"line":18,"column":61}},"13":{"start":{"line":22,"column":2},"end":{"line":22,"column":79}},"14":{"start":{"line":23,"column":0},"end":{"line":23,"column":25}},"15":{"start":{"line":24,"column":0},"end":{"line":24,"column":34}},"16":{"start":{"line":25,"column":0},"end":{"line":30,"column":36}},"17":{"start":{"line":28,"column":4},"end":{"line":28,"column":51}},"18":{"start":{"line":30,"column":18},"end":{"line":30,"column":34}},"19":{"start":{"line":32,"column":0},"end":{"line":32,"column":68}},"20":{"start":{"line":36,"column":0},"end":{"line":36,"column":24}},"21":{"start":{"line":37,"column":0},"end":{"line":37,"column":16}},"22":{"start":{"line":38,"column":0},"end":{"line":38,"column":25}},"23":{"start":{"line":39,"column":0},"end":{"line":39,"column":24}},"24":{"start":{"line":40,"column":0},"end":{"line":40,"column":50}},"25":{"start":{"line":44,"column":0},"end":{"line":44,"column":28}},"26":{"start":{"line":45,"column":0},"end":{"line":45,"column":35}},"27":{"start":{"line":46,"column":0},"end":{"line":46,"column":34}},"28":{"start":{"line":47,"column":0},"end":{"line":47,"column":38}},"29":{"start":{"line":48,"column":0},"end":{"line":48,"column":30}},"30":{"start":{"line":50,"column":0},"end":{"line":50,"column":42}},"31":{"start":{"line":53,"column":0},"end":{"line":55,"column":3}},"32":{"start":{"line":54,"column":2},"end":{"line":54,"column":47}},"33":{"start":{"line":58,"column":0},"end":{"line":60,"column":3}},"34":{"start":{"line":59,"column":2},"end":{"line":59,"column":45}},"35":{"start":{"line":62,"column":0},"end":{"line":62,"column":21}}},"fnMap":{"0":{"name":"(anonymous_0)","decl":{"start":{"line":27,"column":8},"end":{"line":27,"column":9}},"loc":{"start":{"line":27,"column":14},"end":{"line":29,"column":3}},"line":27},"1":{"name":"(anonymous_1)","decl":{"start":{"line":30,"column":9},"end":{"line":30,"column":10}},"loc":{"start":{"line":30,"column":18},"end":{"line":30,"column":34}},"line":30},"2":{"name":"(anonymous_2)","decl":{"start":{"line":53,"column":8},"end":{"line":53,"column":9}},"loc":{"start":{"line":53,"column":33},"end":{"line":55,"column":1}},"line":53},"3":{"name":"(anonymous_3)","decl":{"start":{"line":58,"column":17},"end":{"line":58,"column":18}},"loc":{"start":{"line":58,"column":23},"end":{"line":60,"column":1}},"line":58}},"branchMap":{"0":{"loc":{"start":{"line":22,"column":2},"end":{"line":22,"column":79}},"type":"cond-expr","locations":[{"start":{"line":22,"column":35},"end":{"line":22,"column":58}},{"start":{"line":22,"column":61},"end":{"line":22,"column":79}}],"line":22}},"s":{"0":5,"1":5,"2":5,"3":5,"4":5,"5":5,"6":5,"7":5,"8":5,"9":5,"10":5,"11":5,"12":5,"13":5,"14":5,"15":5,"16":5,"17":5,"18":0,"19":5,"20":5,"21":5,"22":5,"23":5,"24":5,"25":5,"26":5,"27":5,"28":5,"29":5,"30":5,"31":5,"32":2,"33":5,"34":1,"35":5},"f":{"0":5,"1":0,"2":2,"3":1},"b":{"0":[5,0]},"_coverageSchema":"1a1c01bbd47fc00a2c39e90264f33305004495a9","hash":"f0d2f2926b73d823b0d8c7bc9dc8d40f0b221eb4"}
,"/Users/Web Final Project/t1-backend-web-api-Dawa1234/Controller/floor-controller.js": {"path":"/Users/Web Final Project/t1-backend-web-api-Dawa1234/Controller/floor-controller.js","statementMap":{"0":{"start":{"line":1,"column":12},"end":{"line":1,"column":43}},"1":{"start":{"line":2,"column":19},"end":{"line":2,"column":50}},"2":{"start":{"line":3,"column":25},"end":{"line":3,"column":62}},"3":{"start":{"line":4,"column":21},"end":{"line":4,"column":62}},"4":{"start":{"line":7,"column":17},"end":{"line":21,"column":1}},"5":{"start":{"line":8,"column":2},"end":{"line":20,"column":3}},"6":{"start":{"line":9,"column":4},"end":{"line":17,"column":7}},"7":{"start":{"line":10,"column":6},"end":{"line":13,"column":7}},"8":{"start":{"line":11,"column":18},"end":{"line":11,"column":72}},"9":{"start":{"line":12,"column":8},"end":{"line":12,"column":25}},"10":{"start":{"line":14,"column":6},"end":{"line":16,"column":9}},"11":{"start":{"line":15,"column":8},"end":{"line":15,"column":39}},"12":{"start":{"line":19,"column":4},"end":{"line":19,"column":21}},"13":{"start":{"line":24,"column":18},"end":{"line":32,"column":1}},"14":{"start":{"line":25,"column":2},"end":{"line":31,"column":3}},"15":{"start":{"line":26,"column":4},"end":{"line":28,"column":7}},"16":{"start":{"line":27,"column":6},"end":{"line":27,"column":37}},"17":{"start":{"line":30,"column":4},"end":{"line":30,"column":21}},"18":{"start":{"line":35,"column":23},"end":{"line":43,"column":1}},"19":{"start":{"line":36,"column":2},"end":{"line":42,"column":3}},"20":{"start":{"line":37,"column":4},"end":{"line":39,"column":7}},"21":{"start":{"line":38,"column":6},"end":{"line":38,"column":62}},"22":{"start":{"line":41,"column":4},"end":{"line":41,"column":12}},"23":{"start":{"line":46,"column":20},"end":{"line":63,"column":1}},"24":{"start":{"line":47,"column":20},"end":{"line":47,"column":40}},"25":{"start":{"line":48,"column":2},"end":{"line":62,"column":3}},"26":{"start":{"line":49,"column":4},"end":{"line":59,"column":33}},"27":{"start":{"line":52,"column":33},"end":{"line":52,"column":50}},"28":{"start":{"line":53,"column":30},"end":{"line":53,"column":50}},"29":{"start":{"line":54,"column":8},"end":{"line":54,"column":71}},"30":{"start":{"line":55,"column":8},"end":{"line":57,"column":11}},"31":{"start":{"line":56,"column":10},"end":{"line":56,"column":41}},"32":{"start":{"line":59,"column":22},"end":{"line":59,"column":31}},"33":{"start":{"line":61,"column":4},"end":{"line":61,"column":12}},"34":{"start":{"line":66,"column":24},"end":{"line":78,"column":1}},"35":{"start":{"line":67,"column":2},"end":{"line":77,"column":3}},"36":{"start":{"line":68,"column":4},"end":{"line":74,"column":33}},"37":{"start":{"line":72,"column":8},"end":{"line":72,"column":66}},"38":{"start":{"line":74,"column":22},"end":{"line":74,"column":31}},"39":{"start":{"line":76,"column":4},"end":{"line":76,"column":12}},"40":{"start":{"line":81,"column":23},"end":{"line":115,"column":1}},"41":{"start":{"line":82,"column":2},"end":{"line":114,"column":3}},"42":{"start":{"line":83,"column":4},"end":{"line":111,"column":33}},"43":{"start":{"line":87,"column":8},"end":{"line":109,"column":13}},"44":{"start":{"line":91,"column":12},"end":{"line":94,"column":13}},"45":{"start":{"line":92,"column":24},"end":{"line":92,"column":70}},"46":{"start":{"line":93,"column":14},"end":{"line":93,"column":31}},"47":{"start":{"line":96,"column":12},"end":{"line":108,"column":15}},"48":{"start":{"line":97,"column":14},"end":{"line":97,"column":50}},"49":{"start":{"line":98,"column":14},"end":{"line":107,"column":17}},"50":{"start":{"line":99,"column":16},"end":{"line":106,"column":21}},"51":{"start":{"line":103,"column":20},"end":{"line":105,"column":72}},"52":{"start":{"line":111,"column":22},"end":{"line":111,"column":31}},"53":{"start":{"line":113,"column":4},"end":{"line":113,"column":12}},"54":{"start":{"line":117,"column":19},"end":{"line":139,"column":1}},"55":{"start":{"line":118,"column":2},"end":{"line":138,"column":31}},"56":{"start":{"line":122,"column":31},"end":{"line":124,"column":8}},"57":{"start":{"line":123,"column":8},"end":{"line":123,"column":41}},"58":{"start":{"line":125,"column":6},"end":{"line":125,"column":45}},"59":{"start":{"line":126,"column":6},"end":{"line":136,"column":9}},"60":{"start":{"line":128,"column":8},"end":{"line":128,"column":77}},"61":{"start":{"line":130,"column":8},"end":{"line":135,"column":13}},"62":{"start":{"line":134,"column":12},"end":{"line":134,"column":55}},"63":{"start":{"line":138,"column":20},"end":{"line":138,"column":29}},"64":{"start":{"line":141,"column":0},"end":{"line":149,"column":2}}},"fnMap":{"0":{"name":"(anonymous_0)","decl":{"start":{"line":7,"column":17},"end":{"line":7,"column":18}},"loc":{"start":{"line":7,"column":37},"end":{"line":21,"column":1}},"line":7},"1":{"name":"(anonymous_1)","decl":{"start":{"line":9,"column":61},"end":{"line":9,"column":62}},"loc":{"start":{"line":9,"column":75},"end":{"line":17,"column":5}},"line":9},"2":{"name":"(anonymous_2)","decl":{"start":{"line":14,"column":39},"end":{"line":14,"column":40}},"loc":{"start":{"line":14,"column":53},"end":{"line":16,"column":7}},"line":14},"3":{"name":"(anonymous_3)","decl":{"start":{"line":24,"column":18},"end":{"line":24,"column":19}},"loc":{"start":{"line":24,"column":38},"end":{"line":32,"column":1}},"line":24},"4":{"name":"(anonymous_4)","decl":{"start":{"line":26,"column":27},"end":{"line":26,"column":28}},"loc":{"start":{"line":26,"column":41},"end":{"line":28,"column":5}},"line":26},"5":{"name":"(anonymous_5)","decl":{"start":{"line":35,"column":23},"end":{"line":35,"column":24}},"loc":{"start":{"line":35,"column":43},"end":{"line":43,"column":1}},"line":35},"6":{"name":"(anonymous_6)","decl":{"start":{"line":37,"column":33},"end":{"line":37,"column":34}},"loc":{"start":{"line":37,"column":39},"end":{"line":39,"column":5}},"line":37},"7":{"name":"(anonymous_7)","decl":{"start":{"line":46,"column":20},"end":{"line":46,"column":21}},"loc":{"start":{"line":46,"column":40},"end":{"line":63,"column":1}},"line":46},"8":{"name":"(anonymous_8)","decl":{"start":{"line":51,"column":12},"end":{"line":51,"column":13}},"loc":{"start":{"line":51,"column":23},"end":{"line":58,"column":7}},"line":51},"9":{"name":"(anonymous_9)","decl":{"start":{"line":55,"column":26},"end":{"line":55,"column":27}},"loc":{"start":{"line":55,"column":40},"end":{"line":57,"column":9}},"line":55},"10":{"name":"(anonymous_10)","decl":{"start":{"line":59,"column":13},"end":{"line":59,"column":14}},"loc":{"start":{"line":59,"column":22},"end":{"line":59,"column":31}},"line":59},"11":{"name":"(anonymous_11)","decl":{"start":{"line":66,"column":24},"end":{"line":66,"column":25}},"loc":{"start":{"line":66,"column":44},"end":{"line":78,"column":1}},"line":66},"12":{"name":"(anonymous_12)","decl":{"start":{"line":71,"column":12},"end":{"line":71,"column":13}},"loc":{"start":{"line":71,"column":23},"end":{"line":73,"column":7}},"line":71},"13":{"name":"(anonymous_13)","decl":{"start":{"line":74,"column":13},"end":{"line":74,"column":14}},"loc":{"start":{"line":74,"column":22},"end":{"line":74,"column":31}},"line":74},"14":{"name":"(anonymous_14)","decl":{"start":{"line":81,"column":23},"end":{"line":81,"column":24}},"loc":{"start":{"line":81,"column":43},"end":{"line":115,"column":1}},"line":81},"15":{"name":"(anonymous_15)","decl":{"start":{"line":85,"column":12},"end":{"line":85,"column":13}},"loc":{"start":{"line":85,"column":23},"end":{"line":110,"column":7}},"line":85},"16":{"name":"(anonymous_16)","decl":{"start":{"line":89,"column":16},"end":{"line":89,"column":17}},"loc":{"start":{"line":89,"column":26},"end":{"line":109,"column":11}},"line":89},"17":{"name":"(anonymous_17)","decl":{"start":{"line":96,"column":51},"end":{"line":96,"column":52}},"loc":{"start":{"line":96,"column":64},"end":{"line":108,"column":13}},"line":96},"18":{"name":"(anonymous_18)","decl":{"start":{"line":98,"column":32},"end":{"line":98,"column":33}},"loc":{"start":{"line":98,"column":38},"end":{"line":107,"column":15}},"line":98},"19":{"name":"(anonymous_19)","decl":{"start":{"line":102,"column":24},"end":{"line":102,"column":25}},"loc":{"start":{"line":102,"column":42},"end":{"line":106,"column":19}},"line":102},"20":{"name":"(anonymous_20)","decl":{"start":{"line":111,"column":13},"end":{"line":111,"column":14}},"loc":{"start":{"line":111,"column":22},"end":{"line":111,"column":31}},"line":111},"21":{"name":"(anonymous_21)","decl":{"start":{"line":117,"column":19},"end":{"line":117,"column":20}},"loc":{"start":{"line":117,"column":39},"end":{"line":139,"column":1}},"line":117},"22":{"name":"(anonymous_22)","decl":{"start":{"line":120,"column":10},"end":{"line":120,"column":11}},"loc":{"start":{"line":120,"column":21},"end":{"line":137,"column":5}},"line":120},"23":{"name":"(anonymous_23)","decl":{"start":{"line":122,"column":56},"end":{"line":122,"column":57}},"loc":{"start":{"line":122,"column":66},"end":{"line":124,"column":7}},"line":122},"24":{"name":"(anonymous_24)","decl":{"start":{"line":126,"column":24},"end":{"line":126,"column":25}},"loc":{"start":{"line":126,"column":30},"end":{"line":136,"column":7}},"line":126},"25":{"name":"(anonymous_25)","decl":{"start":{"line":128,"column":67},"end":{"line":128,"column":68}},"loc":{"start":{"line":128,"column":73},"end":{"line":128,"column":75}},"line":128},"26":{"name":"(anonymous_26)","decl":{"start":{"line":133,"column":16},"end":{"line":133,"column":17}},"loc":{"start":{"line":133,"column":30},"end":{"line":135,"column":11}},"line":133},"27":{"name":"(anonymous_27)","decl":{"start":{"line":138,"column":11},"end":{"line":138,"column":12}},"loc":{"start":{"line":138,"column":20},"end":{"line":138,"column":29}},"line":138}},"branchMap":{"0":{"loc":{"start":{"line":10,"column":6},"end":{"line":13,"column":7}},"type":"if","locations":[{"start":{"line":10,"column":6},"end":{"line":13,"column":7}},{"start":{},"end":{}}],"line":10},"1":{"loc":{"start":{"line":91,"column":12},"end":{"line":94,"column":13}},"type":"if","locations":[{"start":{"line":91,"column":12},"end":{"line":94,"column":13}},{"start":{},"end":{}}],"line":91}},"s":{"0":5,"1":5,"2":5,"3":5,"4":5,"5":1,"6":1,"7":1,"8":0,"9":0,"10":1,"11":1,"12":0,"13":5,"14":1,"15":1,"16":1,"17":0,"18":5,"19":1,"20":1,"21":1,"22":0,"23":5,"24":0,"25":0,"26":0,"27":0,"28":0,"29":0,"30":0,"31":0,"32":0,"33":0,"34":5,"35":0,"36":0,"37":0,"38":0,"39":0,"40":5,"41":0,"42":0,"43":0,"44":0,"45":0,"46":0,"47":0,"48":0,"49":0,"50":0,"51":0,"52":0,"53":0,"54":5,"55":0,"56":0,"57":0,"58":0,"59":0,"60":0,"61":0,"62":0,"63":0,"64":5},"f":{"0":1,"1":1,"2":1,"3":1,"4":1,"5":1,"6":1,"7":0,"8":0,"9":0,"10":0,"11":0,"12":0,"13":0,"14":0,"15":0,"16":0,"17":0,"18":0,"19":0,"20":0,"21":0,"22":0,"23":0,"24":0,"25":0,"26":0,"27":0},"b":{"0":[0,1],"1":[0,0]},"_coverageSchema":"1a1c01bbd47fc00a2c39e90264f33305004495a9","hash":"377e231f7b941d774e0052f6044bfe8f5c98f6cb"}
,"/Users/Web Final Project/t1-backend-web-api-Dawa1234/Controller/parkingSlot-controller.js": {"path":"/Users/Web Final Project/t1-backend-web-api-Dawa1234/Controller/parkingSlot-controller.js","statementMap":{"0":{"start":{"line":1,"column":21},"end":{"line":1,"column":58}},"1":{"start":{"line":4,"column":23},"end":{"line":21,"column":1}},"2":{"start":{"line":5,"column":2},"end":{"line":20,"column":3}},"3":{"start":{"line":6,"column":4},"end":{"line":17,"column":7}},"4":{"start":{"line":7,"column":6},"end":{"line":10,"column":7}},"5":{"start":{"line":8,"column":18},"end":{"line":8,"column":69}},"6":{"start":{"line":9,"column":8},"end":{"line":9,"column":25}},"7":{"start":{"line":11,"column":6},"end":{"line":16,"column":35}},"8":{"start":{"line":14,"column":10},"end":{"line":14,"column":37}},"9":{"start":{"line":16,"column":24},"end":{"line":16,"column":33}},"10":{"start":{"line":19,"column":4},"end":{"line":19,"column":12}},"11":{"start":{"line":24,"column":21},"end":{"line":46,"column":1}},"12":{"start":{"line":25,"column":2},"end":{"line":45,"column":31}},"13":{"start":{"line":30,"column":21},"end":{"line":42,"column":8}},"14":{"start":{"line":31,"column":8},"end":{"line":41,"column":10}},"15":{"start":{"line":43,"column":6},"end":{"line":43,"column":55}},"16":{"start":{"line":45,"column":20},"end":{"line":45,"column":29}},"17":{"start":{"line":48,"column":25},"end":{"line":55,"column":1}},"18":{"start":{"line":49,"column":2},"end":{"line":54,"column":31}},"19":{"start":{"line":52,"column":6},"end":{"line":52,"column":34}},"20":{"start":{"line":54,"column":20},"end":{"line":54,"column":29}},"21":{"start":{"line":58,"column":26},"end":{"line":73,"column":1}},"22":{"start":{"line":60,"column":15},"end":{"line":60,"column":30}},"23":{"start":{"line":61,"column":22},"end":{"line":61,"column":43}},"24":{"start":{"line":63,"column":2},"end":{"line":71,"column":5}},"25":{"start":{"line":64,"column":4},"end":{"line":70,"column":7}},"26":{"start":{"line":65,"column":6},"end":{"line":65,"column":26}},"27":{"start":{"line":66,"column":6},"end":{"line":66,"column":27}},"28":{"start":{"line":67,"column":6},"end":{"line":67,"column":25}},"29":{"start":{"line":68,"column":6},"end":{"line":68,"column":18}},"30":{"start":{"line":69,"column":6},"end":{"line":69,"column":29}},"31":{"start":{"line":72,"column":2},"end":{"line":72,"column":58}},"32":{"start":{"line":76,"column":20},"end":{"line":101,"column":1}},"33":{"start":{"line":78,"column":15},"end":{"line":78,"column":36}},"34":{"start":{"line":80,"column":2},"end":{"line":100,"column":7}},"35":{"start":{"line":84,"column":6},"end":{"line":84,"column":25}},"36":{"start":{"line":85,"column":6},"end":{"line":85,"column":27}},"37":{"start":{"line":86,"column":6},"end":{"line":99,"column":9}},"38":{"start":{"line":87,"column":26},"end":{"line":97,"column":9}},"39":{"start":{"line":98,"column":8},"end":{"line":98,"column":42}},"40":{"start":{"line":104,"column":27},"end":{"line":131,"column":1}},"41":{"start":{"line":106,"column":15},"end":{"line":106,"column":36}},"42":{"start":{"line":108,"column":2},"end":{"line":130,"column":7}},"43":{"start":{"line":113,"column":6},"end":{"line":113,"column":25}},"44":{"start":{"line":114,"column":6},"end":{"line":114,"column":26}},"45":{"start":{"line":115,"column":6},"end":{"line":115,"column":28}},"46":{"start":{"line":116,"column":6},"end":{"line":129,"column":9}},"47":{"start":{"line":117,"column":23},"end":{"line":127,"column":9}},"48":{"start":{"line":128,"column":8},"end":{"line":128,"column":39}},"49":{"start":{"line":134,"column":22},"end":{"line":146,"column":1}},"50":{"start":{"line":137,"column":15},"end":{"line":137,"column":32}},"51":{"start":{"line":139,"column":2},"end":{"line":145,"column":5}},"52":{"start":{"line":140,"column":4},"end":{"line":140,"column":23}},"53":{"start":{"line":141,"column":4},"end":{"line":141,"column":24}},"54":{"start":{"line":142,"column":4},"end":{"line":144,"column":7}},"55":{"start":{"line":143,"column":6},"end":{"line":143,"column":52}},"56":{"start":{"line":149,"column":27},"end":{"line":159,"column":1}},"57":{"start":{"line":150,"column":2},"end":{"line":158,"column":3}},"58":{"start":{"line":151,"column":4},"end":{"line":155,"column":7}},"59":{"start":{"line":152,"column":6},"end":{"line":154,"column":9}},"60":{"start":{"line":157,"column":4},"end":{"line":157,"column":21}},"61":{"start":{"line":161,"column":0},"end":{"line":170,"column":2}}},"fnMap":{"0":{"name":"(anonymous_0)","decl":{"start":{"line":4,"column":23},"end":{"line":4,"column":24}},"loc":{"start":{"line":4,"column":43},"end":{"line":21,"column":1}},"line":4},"1":{"name":"(anonymous_1)","decl":{"start":{"line":6,"column":55},"end":{"line":6,"column":56}},"loc":{"start":{"line":6,"column":68},"end":{"line":17,"column":5}},"line":6},"2":{"name":"(anonymous_2)","decl":{"start":{"line":13,"column":14},"end":{"line":13,"column":15}},"loc":{"start":{"line":13,"column":24},"end":{"line":15,"column":9}},"line":13},"3":{"name":"(anonymous_3)","decl":{"start":{"line":16,"column":15},"end":{"line":16,"column":16}},"loc":{"start":{"line":16,"column":24},"end":{"line":16,"column":33}},"line":16},"4":{"name":"(anonymous_4)","decl":{"start":{"line":24,"column":21},"end":{"line":24,"column":22}},"loc":{"start":{"line":24,"column":41},"end":{"line":46,"column":1}},"line":24},"5":{"name":"(anonymous_5)","decl":{"start":{"line":29,"column":10},"end":{"line":29,"column":11}},"loc":{"start":{"line":29,"column":21},"end":{"line":44,"column":5}},"line":29},"6":{"name":"(anonymous_6)","decl":{"start":{"line":30,"column":31},"end":{"line":30,"column":32}},"loc":{"start":{"line":30,"column":41},"end":{"line":42,"column":7}},"line":30},"7":{"name":"(anonymous_7)","decl":{"start":{"line":45,"column":11},"end":{"line":45,"column":12}},"loc":{"start":{"line":45,"column":20},"end":{"line":45,"column":29}},"line":45},"8":{"name":"(anonymous_8)","decl":{"start":{"line":48,"column":25},"end":{"line":48,"column":26}},"loc":{"start":{"line":48,"column":45},"end":{"line":55,"column":1}},"line":48},"9":{"name":"(anonymous_9)","decl":{"start":{"line":51,"column":10},"end":{"line":51,"column":11}},"loc":{"start":{"line":51,"column":21},"end":{"line":53,"column":5}},"line":51},"10":{"name":"(anonymous_10)","decl":{"start":{"line":54,"column":11},"end":{"line":54,"column":12}},"loc":{"start":{"line":54,"column":20},"end":{"line":54,"column":29}},"line":54},"11":{"name":"(anonymous_11)","decl":{"start":{"line":58,"column":26},"end":{"line":58,"column":27}},"loc":{"start":{"line":58,"column":46},"end":{"line":73,"column":1}},"line":58},"12":{"name":"(anonymous_12)","decl":{"start":{"line":63,"column":20},"end":{"line":63,"column":21}},"loc":{"start":{"line":63,"column":32},"end":{"line":71,"column":3}},"line":63},"13":{"name":"(anonymous_13)","decl":{"start":{"line":64,"column":39},"end":{"line":64,"column":40}},"loc":{"start":{"line":64,"column":49},"end":{"line":70,"column":5}},"line":64},"14":{"name":"(anonymous_14)","decl":{"start":{"line":76,"column":20},"end":{"line":76,"column":21}},"loc":{"start":{"line":76,"column":40},"end":{"line":101,"column":1}},"line":76},"15":{"name":"(anonymous_15)","decl":{"start":{"line":83,"column":10},"end":{"line":83,"column":11}},"loc":{"start":{"line":83,"column":20},"end":{"line":100,"column":5}},"line":83},"16":{"name":"(anonymous_16)","decl":{"start":{"line":86,"column":23},"end":{"line":86,"column":24}},"loc":{"start":{"line":86,"column":41},"end":{"line":99,"column":7}},"line":86},"17":{"name":"(anonymous_17)","decl":{"start":{"line":104,"column":27},"end":{"line":104,"column":28}},"loc":{"start":{"line":104,"column":47},"end":{"line":131,"column":1}},"line":104},"18":{"name":"(anonymous_18)","decl":{"start":{"line":111,"column":10},"end":{"line":111,"column":11}},"loc":{"start":{"line":111,"column":20},"end":{"line":130,"column":5}},"line":111},"19":{"name":"(anonymous_19)","decl":{"start":{"line":116,"column":23},"end":{"line":116,"column":24}},"loc":{"start":{"line":116,"column":41},"end":{"line":129,"column":7}},"line":116},"20":{"name":"(anonymous_20)","decl":{"start":{"line":134,"column":22},"end":{"line":134,"column":23}},"loc":{"start":{"line":134,"column":42},"end":{"line":146,"column":1}},"line":134},"21":{"name":"(anonymous_21)","decl":{"start":{"line":139,"column":37},"end":{"line":139,"column":38}},"loc":{"start":{"line":139,"column":47},"end":{"line":145,"column":3}},"line":139},"22":{"name":"(anonymous_22)","decl":{"start":{"line":142,"column":21},"end":{"line":142,"column":22}},"loc":{"start":{"line":142,"column":33},"end":{"line":144,"column":5}},"line":142},"23":{"name":"(anonymous_23)","decl":{"start":{"line":149,"column":27},"end":{"line":149,"column":28}},"loc":{"start":{"line":149,"column":47},"end":{"line":159,"column":1}},"line":149},"24":{"name":"(anonymous_24)","decl":{"start":{"line":151,"column":35},"end":{"line":151,"column":36}},"loc":{"start":{"line":151,"column":41},"end":{"line":155,"column":5}},"line":151}},"branchMap":{"0":{"loc":{"start":{"line":7,"column":6},"end":{"line":10,"column":7}},"type":"if","locations":[{"start":{"line":7,"column":6},"end":{"line":10,"column":7}},{"start":{},"end":{}}],"line":7}},"s":{"0":5,"1":5,"2":1,"3":1,"4":1,"5":0,"6":0,"7":1,"8":0,"9":1,"10":0,"11":5,"12":1,"13":1,"14":0,"15":1,"16":0,"17":5,"18":1,"19":1,"20":0,"21":5,"22":0,"23":0,"24":0,"25":0,"26":0,"27":0,"28":0,"29":0,"30":0,"31":0,"32":5,"33":0,"34":0,"35":0,"36":0,"37":0,"38":0,"39":0,"40":5,"41":0,"42":0,"43":0,"44":0,"45":0,"46":0,"47":0,"48":0,"49":5,"50":1,"51":1,"52":1,"53":0,"54":0,"55":0,"56":5,"57":1,"58":1,"59":1,"60":0,"61":5},"f":{"0":1,"1":1,"2":0,"3":1,"4":1,"5":1,"6":0,"7":0,"8":1,"9":1,"10":0,"11":0,"12":0,"13":0,"14":0,"15":0,"16":0,"17":0,"18":0,"19":0,"20":1,"21":1,"22":0,"23":1,"24":1},"b":{"0":[0,1]},"_coverageSchema":"1a1c01bbd47fc00a2c39e90264f33305004495a9","hash":"dd2e57511e4f1eedaee5da32161688574c5276de"}
,"/Users/Web Final Project/t1-backend-web-api-Dawa1234/Controller/transaction-controller.js": {"path":"/Users/Web Final Project/t1-backend-web-api-Dawa1234/Controller/transaction-controller.js","statementMap":{"0":{"start":{"line":1,"column":25},"end":{"line":1,"column":62}},"1":{"start":{"line":3,"column":26},"end":{"line":10,"column":1}},"2":{"start":{"line":4,"column":2},"end":{"line":9,"column":31}},"3":{"start":{"line":7,"column":6},"end":{"line":7,"column":41}},"4":{"start":{"line":9,"column":20},"end":{"line":9,"column":29}},"5":{"start":{"line":12,"column":0},"end":{"line":14,"column":2}}},"fnMap":{"0":{"name":"(anonymous_0)","decl":{"start":{"line":3,"column":26},"end":{"line":3,"column":27}},"loc":{"start":{"line":3,"column":46},"end":{"line":10,"column":1}},"line":3},"1":{"name":"(anonymous_1)","decl":{"start":{"line":6,"column":10},"end":{"line":6,"column":11}},"loc":{"start":{"line":6,"column":28},"end":{"line":8,"column":5}},"line":6},"2":{"name":"(anonymous_2)","decl":{"start":{"line":9,"column":11},"end":{"line":9,"column":12}},"loc":{"start":{"line":9,"column":20},"end":{"line":9,"column":29}},"line":9}},"branchMap":{},"s":{"0":5,"1":5,"2":1,"3":1,"4":0,"5":5},"f":{"0":1,"1":1,"2":0},"b":{},"_coverageSchema":"1a1c01bbd47fc00a2c39e90264f33305004495a9","hash":"2cc1bbbd254d52baa628ce80a5cced1aa869abdb"}
,"/Users/Web Final Project/t1-backend-web-api-Dawa1234/Controller/user-Controller.js": {"path":"/Users/Web Final Project/t1-backend-web-api-Dawa1234/Controller/user-Controller.js","statementMap":{"0":{"start":{"line":1,"column":13},"end":{"line":1,"column":43}},"1":{"start":{"line":2,"column":17},"end":{"line":2,"column":36}},"2":{"start":{"line":3,"column":12},"end":{"line":3,"column":35}},"3":{"start":{"line":4,"column":25},"end":{"line":4,"column":62}},"4":{"start":{"line":5,"column":19},"end":{"line":5,"column":50}},"5":{"start":{"line":6,"column":25},"end":{"line":6,"column":62}},"6":{"start":{"line":8,"column":19},"end":{"line":16,"column":1}},"7":{"start":{"line":10,"column":2},"end":{"line":15,"column":3}},"8":{"start":{"line":11,"column":4},"end":{"line":11,"column":32}},"9":{"start":{"line":12,"column":4},"end":{"line":12,"column":34}},"10":{"start":{"line":14,"column":4},"end":{"line":14,"column":14}},"11":{"start":{"line":19,"column":22},"end":{"line":37,"column":1}},"12":{"start":{"line":20,"column":2},"end":{"line":36,"column":3}},"13":{"start":{"line":21,"column":4},"end":{"line":33,"column":33}},"14":{"start":{"line":23,"column":8},"end":{"line":30,"column":11}},"15":{"start":{"line":24,"column":10},"end":{"line":26,"column":11}},"16":{"start":{"line":25,"column":12},"end":{"line":25,"column":19}},"17":{"start":{"line":27,"column":10},"end":{"line":29,"column":13}},"18":{"start":{"line":28,"column":12},"end":{"line":28,"column":35}},"19":{"start":{"line":31,"column":8},"end":{"line":31,"column":75}},"20":{"start":{"line":33,"column":22},"end":{"line":33,"column":31}},"21":{"start":{"line":35,"column":4},"end":{"line":35,"column":12}},"22":{"start":{"line":40,"column":24},"end":{"line":127,"column":1}},"23":{"start":{"line":41,"column":2},"end":{"line":126,"column":31}},"24":{"start":{"line":44,"column":6},"end":{"line":48,"column":7}},"25":{"start":{"line":45,"column":18},"end":{"line":45,"column":50}},"26":{"start":{"line":46,"column":8},"end":{"line":46,"column":24}},"27":{"start":{"line":47,"column":8},"end":{"line":47,"column":25}},"28":{"start":{"line":50,"column":6},"end":{"line":124,"column":7}},"29":{"start":{"line":51,"column":8},"end":{"line":55,"column":9}},"30":{"start":{"line":52,"column":20},"end":{"line":52,"column":56}},"31":{"start":{"line":53,"column":10},"end":{"line":53,"column":26}},"32":{"start":{"line":54,"column":10},"end":{"line":54,"column":27}},"33":{"start":{"line":56,"column":8},"end":{"line":84,"column":9}},"34":{"start":{"line":58,"column":25},"end":{"line":68,"column":11}},"35":{"start":{"line":70,"column":10},"end":{"line":83,"column":12}},"36":{"start":{"line":75,"column":14},"end":{"line":75,"column":40}},"37":{"start":{"line":75,"column":23},"end":{"line":75,"column":40}},"38":{"start":{"line":76,"column":14},"end":{"line":81,"column":17}},"39":{"start":{"line":87,"column":8},"end":{"line":123,"column":11}},"40":{"start":{"line":88,"column":10},"end":{"line":88,"column":36}},"41":{"start":{"line":88,"column":19},"end":{"line":88,"column":36}},"42":{"start":{"line":89,"column":10},"end":{"line":93,"column":11}},"43":{"start":{"line":90,"column":22},"end":{"line":90,"column":58}},"44":{"start":{"line":91,"column":12},"end":{"line":91,"column":28}},"45":{"start":{"line":92,"column":12},"end":{"line":92,"column":29}},"46":{"start":{"line":96,"column":25},"end":{"line":106,"column":11}},"47":{"start":{"line":109,"column":10},"end":{"line":122,"column":12}},"48":{"start":{"line":114,"column":14},"end":{"line":114,"column":40}},"49":{"start":{"line":114,"column":23},"end":{"line":114,"column":40}},"50":{"start":{"line":115,"column":14},"end":{"line":120,"column":17}},"51":{"start":{"line":126,"column":20},"end":{"line":126,"column":29}},"52":{"start":{"line":130,"column":27},"end":{"line":170,"column":1}},"53":{"start":{"line":131,"column":2},"end":{"line":169,"column":31}},"54":{"start":{"line":134,"column":6},"end":{"line":141,"column":7}},"55":{"start":{"line":135,"column":18},"end":{"line":135,"column":54}},"56":{"start":{"line":136,"column":8},"end":{"line":138,"column":11}},"57":{"start":{"line":139,"column":8},"end":{"line":139,"column":15}},"58":{"start":{"line":145,"column":6},"end":{"line":167,"column":9}},"59":{"start":{"line":146,"column":8},"end":{"line":146,"column":34}},"60":{"start":{"line":146,"column":17},"end":{"line":146,"column":34}},"61":{"start":{"line":148,"column":8},"end":{"line":155,"column":11}},"62":{"start":{"line":157,"column":8},"end":{"line":166,"column":37}},"63":{"start":{"line":160,"column":12},"end":{"line":164,"column":15}},"64":{"start":{"line":166,"column":26},"end":{"line":166,"column":35}},"65":{"start":{"line":169,"column":20},"end":{"line":169,"column":29}},"66":{"start":{"line":173,"column":23},"end":{"line":183,"column":1}},"67":{"start":{"line":174,"column":2},"end":{"line":174,"column":32}},"68":{"start":{"line":175,"column":2},"end":{"line":182,"column":31}},"69":{"start":{"line":177,"column":6},"end":{"line":180,"column":9}},"70":{"start":{"line":182,"column":20},"end":{"line":182,"column":29}},"71":{"start":{"line":186,"column":23},"end":{"line":214,"column":1}},"72":{"start":{"line":187,"column":17},"end":{"line":187,"column":33}},"73":{"start":{"line":188,"column":18},"end":{"line":188,"column":26}},"74":{"start":{"line":189,"column":15},"end":{"line":189,"column":23}},"75":{"start":{"line":190,"column":2},"end":{"line":213,"column":31}},"76":{"start":{"line":192,"column":6},"end":{"line":195,"column":7}},"77":{"start":{"line":193,"column":18},"end":{"line":193,"column":50}},"78":{"start":{"line":194,"column":8},"end":{"line":194,"column":25}},"79":{"start":{"line":197,"column":6},"end":{"line":201,"column":7}},"80":{"start":{"line":198,"column":8},"end":{"line":198,"column":54}},"81":{"start":{"line":200,"column":8},"end":{"line":200,"column":31}},"82":{"start":{"line":203,"column":6},"end":{"line":203,"column":39}},"83":{"start":{"line":204,"column":6},"end":{"line":204,"column":33}},"84":{"start":{"line":205,"column":6},"end":{"line":205,"column":37}},"85":{"start":{"line":206,"column":6},"end":{"line":206,"column":39}},"86":{"start":{"line":209,"column":6},"end":{"line":211,"column":9}},"87":{"start":{"line":210,"column":8},"end":{"line":210,"column":42}},"88":{"start":{"line":213,"column":20},"end":{"line":213,"column":29}},"89":{"start":{"line":217,"column":20},"end":{"line":224,"column":1}},"90":{"start":{"line":218,"column":2},"end":{"line":218,"column":32}},"91":{"start":{"line":219,"column":2},"end":{"line":223,"column":31}},"92":{"start":{"line":221,"column":6},"end":{"line":221,"column":33}},"93":{"start":{"line":223,"column":20},"end":{"line":223,"column":29}},"94":{"start":{"line":227,"column":23},"end":{"line":251,"column":1}},"95":{"start":{"line":228,"column":17},"end":{"line":228,"column":33}},"96":{"start":{"line":229,"column":2},"end":{"line":250,"column":31}},"97":{"start":{"line":232,"column":6},"end":{"line":248,"column":9}},"98":{"start":{"line":233,"column":8},"end":{"line":233,"column":34}},"99":{"start":{"line":233,"column":17},"end":{"line":233,"column":34}},"100":{"start":{"line":235,"column":8},"end":{"line":238,"column":9}},"101":{"start":{"line":236,"column":20},"end":{"line":236,"column":59}},"102":{"start":{"line":237,"column":10},"end":{"line":237,"column":27}},"103":{"start":{"line":240,"column":8},"end":{"line":247,"column":11}},"104":{"start":{"line":241,"column":10},"end":{"line":241,"column":36}},"105":{"start":{"line":241,"column":19},"end":{"line":241,"column":36}},"106":{"start":{"line":243,"column":10},"end":{"line":243,"column":31}},"107":{"start":{"line":244,"column":10},"end":{"line":246,"column":13}},"108":{"start":{"line":245,"column":12},"end":{"line":245,"column":46}},"109":{"start":{"line":250,"column":20},"end":{"line":250,"column":29}},"110":{"start":{"line":254,"column":23},"end":{"line":277,"column":1}},"111":{"start":{"line":255,"column":17},"end":{"line":255,"column":33}},"112":{"start":{"line":256,"column":2},"end":{"line":276,"column":7}},"113":{"start":{"line":262,"column":24},"end":{"line":274,"column":8}},"114":{"start":{"line":263,"column":8},"end":{"line":273,"column":10}},"115":{"start":{"line":275,"column":6},"end":{"line":275,"column":58}},"116":{"start":{"line":280,"column":22},"end":{"line":301,"column":1}},"117":{"start":{"line":281,"column":17},"end":{"line":281,"column":33}},"118":{"start":{"line":282,"column":2},"end":{"line":300,"column":7}},"119":{"start":{"line":286,"column":23},"end":{"line":298,"column":8}},"120":{"start":{"line":287,"column":8},"end":{"line":297,"column":10}},"121":{"start":{"line":299,"column":6},"end":{"line":299,"column":57}},"122":{"start":{"line":303,"column":23},"end":{"line":308,"column":1}},"123":{"start":{"line":305,"column":2},"end":{"line":307,"column":5}},"124":{"start":{"line":306,"column":4},"end":{"line":306,"column":61}},"125":{"start":{"line":311,"column":23},"end":{"line":315,"column":1}},"126":{"start":{"line":312,"column":2},"end":{"line":314,"column":5}},"127":{"start":{"line":313,"column":4},"end":{"line":313,"column":41}},"128":{"start":{"line":317,"column":26},"end":{"line":345,"column":1}},"129":{"start":{"line":319,"column":24},"end":{"line":319,"column":46}},"130":{"start":{"line":321,"column":22},"end":{"line":326,"column":3}},"131":{"start":{"line":327,"column":17},"end":{"line":327,"column":32}},"132":{"start":{"line":329,"column":18},"end":{"line":329,"column":34}},"133":{"start":{"line":330,"column":2},"end":{"line":336,"column":5}},"134":{"start":{"line":331,"column":4},"end":{"line":335,"column":7}},"135":{"start":{"line":332,"column":6},"end":{"line":332,"column":26}},"136":{"start":{"line":333,"column":6},"end":{"line":333,"column":28}},"137":{"start":{"line":334,"column":6},"end":{"line":334,"column":19}},"138":{"start":{"line":337,"column":2},"end":{"line":344,"column":5}},"139":{"start":{"line":338,"column":4},"end":{"line":343,"column":9}},"140":{"start":{"line":342,"column":8},"end":{"line":342,"column":63}},"141":{"start":{"line":347,"column":29},"end":{"line":352,"column":1}},"142":{"start":{"line":349,"column":2},"end":{"line":351,"column":5}},"143":{"start":{"line":350,"column":4},"end":{"line":350,"column":41}},"144":{"start":{"line":354,"column":22},"end":{"line":377,"column":1}},"145":{"start":{"line":355,"column":2},"end":{"line":376,"column":5}},"146":{"start":{"line":357,"column":4},"end":{"line":361,"column":5}},"147":{"start":{"line":358,"column":16},"end":{"line":358,"column":48}},"148":{"start":{"line":359,"column":6},"end":{"line":359,"column":22}},"149":{"start":{"line":360,"column":6},"end":{"line":360,"column":23}},"150":{"start":{"line":363,"column":4},"end":{"line":375,"column":7}},"151":{"start":{"line":364,"column":6},"end":{"line":364,"column":32}},"152":{"start":{"line":364,"column":15},"end":{"line":364,"column":32}},"153":{"start":{"line":366,"column":6},"end":{"line":370,"column":7}},"154":{"start":{"line":367,"column":18},"end":{"line":367,"column":54}},"155":{"start":{"line":368,"column":8},"end":{"line":368,"column":24}},"156":{"start":{"line":369,"column":8},"end":{"line":369,"column":25}},"157":{"start":{"line":372,"column":6},"end":{"line":374,"column":9}},"158":{"start":{"line":380,"column":23},"end":{"line":401,"column":1}},"159":{"start":{"line":381,"column":17},"end":{"line":381,"column":34}},"160":{"start":{"line":382,"column":2},"end":{"line":400,"column":7}},"161":{"start":{"line":386,"column":20},"end":{"line":398,"column":8}},"162":{"start":{"line":387,"column":8},"end":{"line":397,"column":10}},"163":{"start":{"line":399,"column":6},"end":{"line":399,"column":36}},"164":{"start":{"line":403,"column":0},"end":{"line":420,"column":2}}},"fnMap":{"0":{"name":"(anonymous_0)","decl":{"start":{"line":8,"column":19},"end":{"line":8,"column":20}},"loc":{"start":{"line":8,"column":45},"end":{"line":16,"column":1}},"line":8},"1":{"name":"(anonymous_1)","decl":{"start":{"line":19,"column":22},"end":{"line":19,"column":23}},"loc":{"start":{"line":19,"column":42},"end":{"line":37,"column":1}},"line":19},"2":{"name":"(anonymous_2)","decl":{"start":{"line":22,"column":12},"end":{"line":22,"column":13}},"loc":{"start":{"line":22,"column":23},"end":{"line":32,"column":7}},"line":22},"3":{"name":"(anonymous_3)","decl":{"start":{"line":23,"column":18},"end":{"line":23,"column":19}},"loc":{"start":{"line":23,"column":28},"end":{"line":30,"column":9}},"line":23},"4":{"name":"(anonymous_4)","decl":{"start":{"line":27,"column":48},"end":{"line":27,"column":49}},"loc":{"start":{"line":27,"column":54},"end":{"line":29,"column":11}},"line":27},"5":{"name":"(anonymous_5)","decl":{"start":{"line":33,"column":13},"end":{"line":33,"column":14}},"loc":{"start":{"line":33,"column":22},"end":{"line":33,"column":31}},"line":33},"6":{"name":"(anonymous_6)","decl":{"start":{"line":40,"column":24},"end":{"line":40,"column":25}},"loc":{"start":{"line":40,"column":44},"end":{"line":127,"column":1}},"line":40},"7":{"name":"(anonymous_7)","decl":{"start":{"line":42,"column":10},"end":{"line":42,"column":11}},"loc":{"start":{"line":42,"column":20},"end":{"line":125,"column":5}},"line":42},"8":{"name":"(anonymous_8)","decl":{"start":{"line":74,"column":12},"end":{"line":74,"column":13}},"loc":{"start":{"line":74,"column":30},"end":{"line":82,"column":13}},"line":74},"9":{"name":"(anonymous_9)","decl":{"start":{"line":87,"column":59},"end":{"line":87,"column":60}},"loc":{"start":{"line":87,"column":77},"end":{"line":123,"column":9}},"line":87},"10":{"name":"(anonymous_10)","decl":{"start":{"line":113,"column":12},"end":{"line":113,"column":13}},"loc":{"start":{"line":113,"column":30},"end":{"line":121,"column":13}},"line":113},"11":{"name":"(anonymous_11)","decl":{"start":{"line":126,"column":11},"end":{"line":126,"column":12}},"loc":{"start":{"line":126,"column":20},"end":{"line":126,"column":29}},"line":126},"12":{"name":"(anonymous_12)","decl":{"start":{"line":130,"column":27},"end":{"line":130,"column":28}},"loc":{"start":{"line":130,"column":47},"end":{"line":170,"column":1}},"line":130},"13":{"name":"(anonymous_13)","decl":{"start":{"line":132,"column":10},"end":{"line":132,"column":11}},"loc":{"start":{"line":132,"column":20},"end":{"line":168,"column":5}},"line":132},"14":{"name":"(anonymous_14)","decl":{"start":{"line":145,"column":43},"end":{"line":145,"column":44}},"loc":{"start":{"line":145,"column":58},"end":{"line":167,"column":7}},"line":145},"15":{"name":"(anonymous_15)","decl":{"start":{"line":159,"column":16},"end":{"line":159,"column":17}},"loc":{"start":{"line":159,"column":29},"end":{"line":165,"column":11}},"line":159},"16":{"name":"(anonymous_16)","decl":{"start":{"line":166,"column":17},"end":{"line":166,"column":18}},"loc":{"start":{"line":166,"column":26},"end":{"line":166,"column":35}},"line":166},"17":{"name":"(anonymous_17)","decl":{"start":{"line":169,"column":11},"end":{"line":169,"column":12}},"loc":{"start":{"line":169,"column":20},"end":{"line":169,"column":29}},"line":169},"18":{"name":"(anonymous_18)","decl":{"start":{"line":173,"column":23},"end":{"line":173,"column":24}},"loc":{"start":{"line":173,"column":43},"end":{"line":183,"column":1}},"line":173},"19":{"name":"(anonymous_19)","decl":{"start":{"line":176,"column":10},"end":{"line":176,"column":11}},"loc":{"start":{"line":176,"column":22},"end":{"line":181,"column":5}},"line":176},"20":{"name":"(anonymous_20)","decl":{"start":{"line":182,"column":11},"end":{"line":182,"column":12}},"loc":{"start":{"line":182,"column":20},"end":{"line":182,"column":29}},"line":182},"21":{"name":"(anonymous_21)","decl":{"start":{"line":186,"column":23},"end":{"line":186,"column":24}},"loc":{"start":{"line":186,"column":43},"end":{"line":214,"column":1}},"line":186},"22":{"name":"(anonymous_22)","decl":{"start":{"line":191,"column":10},"end":{"line":191,"column":11}},"loc":{"start":{"line":191,"column":20},"end":{"line":212,"column":5}},"line":191},"23":{"name":"(anonymous_23)","decl":{"start":{"line":209,"column":23},"end":{"line":209,"column":24}},"loc":{"start":{"line":209,"column":40},"end":{"line":211,"column":7}},"line":209},"24":{"name":"(anonymous_24)","decl":{"start":{"line":213,"column":11},"end":{"line":213,"column":12}},"loc":{"start":{"line":213,"column":20},"end":{"line":213,"column":29}},"line":213},"25":{"name":"(anonymous_25)","decl":{"start":{"line":217,"column":20},"end":{"line":217,"column":21}},"loc":{"start":{"line":217,"column":40},"end":{"line":224,"column":1}},"line":217},"26":{"name":"(anonymous_26)","decl":{"start":{"line":220,"column":10},"end":{"line":220,"column":11}},"loc":{"start":{"line":220,"column":20},"end":{"line":222,"column":5}},"line":220},"27":{"name":"(anonymous_27)","decl":{"start":{"line":223,"column":11},"end":{"line":223,"column":12}},"loc":{"start":{"line":223,"column":20},"end":{"line":223,"column":29}},"line":223},"28":{"name":"(anonymous_28)","decl":{"start":{"line":227,"column":23},"end":{"line":227,"column":24}},"loc":{"start":{"line":227,"column":43},"end":{"line":251,"column":1}},"line":227},"29":{"name":"(anonymous_29)","decl":{"start":{"line":230,"column":10},"end":{"line":230,"column":11}},"loc":{"start":{"line":230,"column":20},"end":{"line":249,"column":5}},"line":230},"30":{"name":"(anonymous_30)","decl":{"start":{"line":232,"column":60},"end":{"line":232,"column":61}},"loc":{"start":{"line":232,"column":78},"end":{"line":248,"column":7}},"line":232},"31":{"name":"(anonymous_31)","decl":{"start":{"line":240,"column":48},"end":{"line":240,"column":49}},"loc":{"start":{"line":240,"column":63},"end":{"line":247,"column":9}},"line":240},"32":{"name":"(anonymous_32)","decl":{"start":{"line":244,"column":27},"end":{"line":244,"column":28}},"loc":{"start":{"line":244,"column":44},"end":{"line":246,"column":11}},"line":244},"33":{"name":"(anonymous_33)","decl":{"start":{"line":250,"column":11},"end":{"line":250,"column":12}},"loc":{"start":{"line":250,"column":20},"end":{"line":250,"column":29}},"line":250},"34":{"name":"(anonymous_34)","decl":{"start":{"line":254,"column":23},"end":{"line":254,"column":24}},"loc":{"start":{"line":254,"column":43},"end":{"line":277,"column":1}},"line":254},"35":{"name":"(anonymous_35)","decl":{"start":{"line":261,"column":10},"end":{"line":261,"column":11}},"loc":{"start":{"line":261,"column":20},"end":{"line":276,"column":5}},"line":261},"36":{"name":"(anonymous_36)","decl":{"start":{"line":262,"column":33},"end":{"line":262,"column":34}},"loc":{"start":{"line":262,"column":47},"end":{"line":274,"column":7}},"line":262},"37":{"name":"(anonymous_37)","decl":{"start":{"line":280,"column":22},"end":{"line":280,"column":23}},"loc":{"start":{"line":280,"column":42},"end":{"line":301,"column":1}},"line":280},"38":{"name":"(anonymous_38)","decl":{"start":{"line":285,"column":10},"end":{"line":285,"column":11}},"loc":{"start":{"line":285,"column":19},"end":{"line":300,"column":5}},"line":285},"39":{"name":"(anonymous_39)","decl":{"start":{"line":286,"column":31},"end":{"line":286,"column":32}},"loc":{"start":{"line":286,"column":45},"end":{"line":298,"column":7}},"line":286},"40":{"name":"(anonymous_40)","decl":{"start":{"line":303,"column":23},"end":{"line":303,"column":24}},"loc":{"start":{"line":303,"column":43},"end":{"line":308,"column":1}},"line":303},"41":{"name":"(anonymous_41)","decl":{"start":{"line":305,"column":59},"end":{"line":305,"column":60}},"loc":{"start":{"line":305,"column":79},"end":{"line":307,"column":3}},"line":305},"42":{"name":"(anonymous_42)","decl":{"start":{"line":311,"column":23},"end":{"line":311,"column":24}},"loc":{"start":{"line":311,"column":43},"end":{"line":315,"column":1}},"line":311},"43":{"name":"(anonymous_43)","decl":{"start":{"line":312,"column":41},"end":{"line":312,"column":42}},"loc":{"start":{"line":312,"column":61},"end":{"line":314,"column":3}},"line":312},"44":{"name":"(anonymous_44)","decl":{"start":{"line":317,"column":26},"end":{"line":317,"column":27}},"loc":{"start":{"line":317,"column":46},"end":{"line":345,"column":1}},"line":317},"45":{"name":"(anonymous_45)","decl":{"start":{"line":330,"column":20},"end":{"line":330,"column":21}},"loc":{"start":{"line":330,"column":32},"end":{"line":336,"column":3}},"line":330},"46":{"name":"(anonymous_46)","decl":{"start":{"line":331,"column":43},"end":{"line":331,"column":44}},"loc":{"start":{"line":331,"column":54},"end":{"line":335,"column":5}},"line":331},"47":{"name":"(anonymous_47)","decl":{"start":{"line":337,"column":44},"end":{"line":337,"column":45}},"loc":{"start":{"line":337,"column":50},"end":{"line":344,"column":3}},"line":337},"48":{"name":"(anonymous_48)","decl":{"start":{"line":341,"column":12},"end":{"line":341,"column":13}},"loc":{"start":{"line":341,"column":32},"end":{"line":343,"column":7}},"line":341},"49":{"name":"(anonymous_49)","decl":{"start":{"line":347,"column":29},"end":{"line":347,"column":30}},"loc":{"start":{"line":347,"column":49},"end":{"line":352,"column":1}},"line":347},"50":{"name":"(anonymous_50)","decl":{"start":{"line":349,"column":37},"end":{"line":349,"column":38}},"loc":{"start":{"line":349,"column":57},"end":{"line":351,"column":3}},"line":349},"51":{"name":"(anonymous_51)","decl":{"start":{"line":354,"column":22},"end":{"line":354,"column":23}},"loc":{"start":{"line":354,"column":42},"end":{"line":377,"column":1}},"line":354},"52":{"name":"(anonymous_52)","decl":{"start":{"line":355,"column":53},"end":{"line":355,"column":54}},"loc":{"start":{"line":355,"column":63},"end":{"line":376,"column":3}},"line":355},"53":{"name":"(anonymous_53)","decl":{"start":{"line":363,"column":55},"end":{"line":363,"column":56}},"loc":{"start":{"line":363,"column":73},"end":{"line":375,"column":5}},"line":363},"54":{"name":"(anonymous_54)","decl":{"start":{"line":380,"column":23},"end":{"line":380,"column":24}},"loc":{"start":{"line":380,"column":43},"end":{"line":401,"column":1}},"line":380},"55":{"name":"(anonymous_55)","decl":{"start":{"line":385,"column":10},"end":{"line":385,"column":11}},"loc":{"start":{"line":385,"column":26},"end":{"line":400,"column":5}},"line":385},"56":{"name":"(anonymous_56)","decl":{"start":{"line":386,"column":35},"end":{"line":386,"column":36}},"loc":{"start":{"line":386,"column":49},"end":{"line":398,"column":7}},"line":386}},"branchMap":{"0":{"loc":{"start":{"line":24,"column":10},"end":{"line":26,"column":11}},"type":"if","locations":[{"start":{"line":24,"column":10},"end":{"line":26,"column":11}},{"start":{},"end":{}}],"line":24},"1":{"loc":{"start":{"line":44,"column":6},"end":{"line":48,"column":7}},"type":"if","locations":[{"start":{"line":44,"column":6},"end":{"line":48,"column":7}},{"start":{},"end":{}}],"line":44},"2":{"loc":{"start":{"line":50,"column":6},"end":{"line":124,"column":7}},"type":"if","locations":[{"start":{"line":50,"column":6},"end":{"line":124,"column":7}},{"start":{"line":85,"column":13},"end":{"line":124,"column":7}}],"line":50},"3":{"loc":{"start":{"line":51,"column":8},"end":{"line":55,"column":9}},"type":"if","locations":[{"start":{"line":51,"column":8},"end":{"line":55,"column":9}},{"start":{},"end":{}}],"line":51},"4":{"loc":{"start":{"line":56,"column":8},"end":{"line":84,"column":9}},"type":"if","locations":[{"start":{"line":56,"column":8},"end":{"line":84,"column":9}},{"start":{},"end":{}}],"line":56},"5":{"loc":{"start":{"line":75,"column":14},"end":{"line":75,"column":40}},"type":"if","locations":[{"start":{"line":75,"column":14},"end":{"line":75,"column":40}},{"start":{},"end":{}}],"line":75},"6":{"loc":{"start":{"line":88,"column":10},"end":{"line":88,"column":36}},"type":"if","locations":[{"start":{"line":88,"column":10},"end":{"line":88,"column":36}},{"start":{},"end":{}}],"line":88},"7":{"loc":{"start":{"line":89,"column":10},"end":{"line":93,"column":11}},"type":"if","locations":[{"start":{"line":89,"column":10},"end":{"line":93,"column":11}},{"start":{},"end":{}}],"line":89},"8":{"loc":{"start":{"line":114,"column":14},"end":{"line":114,"column":40}},"type":"if","locations":[{"start":{"line":114,"column":14},"end":{"line":114,"column":40}},{"start":{},"end":{}}],"line":114},"9":{"loc":{"start":{"line":134,"column":6},"end":{"line":141,"column":7}},"type":"if","locations":[{"start":{"line":134,"column":6},"end":{"line":141,"column":7}},{"start":{},"end":{}}],"line":134},"10":{"loc":{"start":{"line":146,"column":8},"end":{"line":146,"column":34}},"type":"if","locations":[{"start":{"line":146,"column":8},"end":{"line":146,"column":34}},{"start":{},"end":{}}],"line":146},"11":{"loc":{"start":{"line":192,"column":6},"end":{"line":195,"column":7}},"type":"if","locations":[{"start":{"line":192,"column":6},"end":{"line":195,"column":7}},{"start":{},"end":{}}],"line":192},"12":{"loc":{"start":{"line":197,"column":6},"end":{"line":201,"column":7}},"type":"if","locations":[{"start":{"line":197,"column":6},"end":{"line":201,"column":7}},{"start":{"line":199,"column":13},"end":{"line":201,"column":7}}],"line":197},"13":{"loc":{"start":{"line":233,"column":8},"end":{"line":233,"column":34}},"type":"if","locations":[{"start":{"line":233,"column":8},"end":{"line":233,"column":34}},{"start":{},"end":{}}],"line":233},"14":{"loc":{"start":{"line":235,"column":8},"end":{"line":238,"column":9}},"type":"if","locations":[{"start":{"line":235,"column":8},"end":{"line":238,"column":9}},{"start":{},"end":{}}],"line":235},"15":{"loc":{"start":{"line":241,"column":10},"end":{"line":241,"column":36}},"type":"if","locations":[{"start":{"line":241,"column":10},"end":{"line":241,"column":36}},{"start":{},"end":{}}],"line":241},"16":{"loc":{"start":{"line":357,"column":4},"end":{"line":361,"column":5}},"type":"if","locations":[{"start":{"line":357,"column":4},"end":{"line":361,"column":5}},{"start":{},"end":{}}],"line":357},"17":{"loc":{"start":{"line":364,"column":6},"end":{"line":364,"column":32}},"type":"if","locations":[{"start":{"line":364,"column":6},"end":{"line":364,"column":32}},{"start":{},"end":{}}],"line":364},"18":{"loc":{"start":{"line":366,"column":6},"end":{"line":370,"column":7}},"type":"if","locations":[{"start":{"line":366,"column":6},"end":{"line":370,"column":7}},{"start":{},"end":{}}],"line":366}},"s":{"0":5,"1":5,"2":5,"3":5,"4":5,"5":5,"6":5,"7":1,"8":1,"9":1,"10":0,"11":5,"12":1,"13":1,"14":1,"15":1,"16":0,"17":1,"18":1,"19":1,"20":0,"21":0,"22":5,"23":1,"24":1,"25":1,"26":1,"27":1,"28":0,"29":0,"30":0,"31":0,"32":0,"33":0,"34":0,"35":0,"36":0,"37":0,"38":0,"39":0,"40":0,"41":0,"42":0,"43":0,"44":0,"45":0,"46":0,"47":0,"48":0,"49":0,"50":0,"51":0,"52":5,"53":1,"54":1,"55":0,"56":0,"57":0,"58":1,"59":1,"60":0,"61":1,"62":1,"63":1,"64":0,"65":0,"66":5,"67":0,"68":0,"69":0,"70":0,"71":5,"72":0,"73":0,"74":0,"75":0,"76":0,"77":0,"78":0,"79":0,"80":0,"81":0,"82":0,"83":0,"84":0,"85":0,"86":0,"87":0,"88":0,"89":5,"90":0,"91":0,"92":0,"93":0,"94":5,"95":0,"96":0,"97":0,"98":0,"99":0,"100":0,"101":0,"102":0,"103":0,"104":0,"105":0,"106":0,"107":0,"108":0,"109":0,"110":5,"111":1,"112":1,"113":1,"114":0,"115":1,"116":5,"117":1,"118":1,"119":1,"120":0,"121":1,"122":5,"123":1,"124":1,"125":5,"126":0,"127":0,"128":5,"129":0,"130":0,"131":0,"132":0,"133":0,"134":0,"135":0,"136":0,"137":0,"138":0,"139":0,"140":0,"141":5,"142":0,"143":0,"144":5,"145":0,"146":0,"147":0,"148":0,"149":0,"150":0,"151":0,"152":0,"153":0,"154":0,"155":0,"156":0,"157":0,"158":5,"159":1,"160":1,"161":1,"162":0,"163":1,"164":5},"f":{"0":1,"1":1,"2":1,"3":1,"4":1,"5":0,"6":1,"7":1,"8":0,"9":0,"10":0,"11":0,"12":1,"13":1,"14":1,"15":1,"16":0,"17":0,"18":0,"19":0,"20":0,"21":0,"22":0,"23":0,"24":0,"25":0,"26":0,"27":0,"28":0,"29":0,"30":0,"31":0,"32":0,"33":0,"34":1,"35":1,"36":0,"37":1,"38":1,"39":0,"40":1,"41":1,"42":0,"43":0,"44":0,"45":0,"46":0,"47":0,"48":0,"49":0,"50":0,"51":0,"52":0,"53":0,"54":1,"55":1,"56":0},"b":{"0":[0,1],"1":[1,0],"2":[0,0],"3":[0,0],"4":[0,0],"5":[0,0],"6":[0,0],"7":[0,0],"8":[0,0],"9":[0,1],"10":[0,1],"11":[0,0],"12":[0,0],"13":[0,0],"14":[0,0],"15":[0,0],"16":[0,0],"17":[0,0],"18":[0,0]},"_coverageSchema":"1a1c01bbd47fc00a2c39e90264f33305004495a9","hash":"934db65408e431a8dab8e4033bf1c189ee7e6495"}
,"/Users/Web Final Project/t1-backend-web-api-Dawa1234/Controller/vehicleCategory-contoller.js": {"path":"/Users/Web Final Project/t1-backend-web-api-Dawa1234/Controller/vehicleCategory-contoller.js","statementMap":{"0":{"start":{"line":1,"column":21},"end":{"line":1,"column":62}},"1":{"start":{"line":2,"column":19},"end":{"line":2,"column":50}},"2":{"start":{"line":4,"column":27},"end":{"line":21,"column":1}},"3":{"start":{"line":5,"column":2},"end":{"line":20,"column":3}},"4":{"start":{"line":6,"column":4},"end":{"line":17,"column":9}},"5":{"start":{"line":9,"column":8},"end":{"line":12,"column":9}},"6":{"start":{"line":10,"column":20},"end":{"line":10,"column":56}},"7":{"start":{"line":11,"column":10},"end":{"line":11,"column":27}},"8":{"start":{"line":14,"column":8},"end":{"line":16,"column":11}},"9":{"start":{"line":15,"column":10},"end":{"line":15,"column":43}},"10":{"start":{"line":19,"column":4},"end":{"line":19,"column":12}},"11":{"start":{"line":24,"column":22},"end":{"line":35,"column":1}},"12":{"start":{"line":25,"column":2},"end":{"line":34,"column":3}},"13":{"start":{"line":26,"column":4},"end":{"line":31,"column":9}},"14":{"start":{"line":30,"column":8},"end":{"line":30,"column":54}},"15":{"start":{"line":33,"column":4},"end":{"line":33,"column":21}},"16":{"start":{"line":38,"column":30},"end":{"line":68,"column":1}},"17":{"start":{"line":39,"column":2},"end":{"line":67,"column":3}},"18":{"start":{"line":41,"column":4},"end":{"line":64,"column":7}},"19":{"start":{"line":43,"column":6},"end":{"line":63,"column":9}},"20":{"start":{"line":45,"column":8},"end":{"line":48,"column":9}},"21":{"start":{"line":46,"column":20},"end":{"line":46,"column":52}},"22":{"start":{"line":47,"column":10},"end":{"line":47,"column":27}},"23":{"start":{"line":50,"column":8},"end":{"line":62,"column":11}},"24":{"start":{"line":52,"column":10},"end":{"line":52,"column":43}},"25":{"start":{"line":53,"column":10},"end":{"line":61,"column":13}},"26":{"start":{"line":55,"column":12},"end":{"line":60,"column":17}},"27":{"start":{"line":59,"column":16},"end":{"line":59,"column":55}},"28":{"start":{"line":66,"column":4},"end":{"line":66,"column":14}},"29":{"start":{"line":71,"column":33},"end":{"line":83,"column":1}},"30":{"start":{"line":72,"column":2},"end":{"line":82,"column":3}},"31":{"start":{"line":73,"column":4},"end":{"line":78,"column":7}},"32":{"start":{"line":74,"column":6},"end":{"line":74,"column":41}},"33":{"start":{"line":75,"column":6},"end":{"line":77,"column":9}},"34":{"start":{"line":76,"column":8},"end":{"line":76,"column":41}},"35":{"start":{"line":79,"column":4},"end":{"line":79,"column":60}},"36":{"start":{"line":81,"column":4},"end":{"line":81,"column":14}},"37":{"start":{"line":86,"column":31},"end":{"line":111,"column":1}},"38":{"start":{"line":87,"column":2},"end":{"line":110,"column":3}},"39":{"start":{"line":88,"column":4},"end":{"line":107,"column":7}},"40":{"start":{"line":90,"column":27},"end":{"line":92,"column":7}},"41":{"start":{"line":91,"column":19},"end":{"line":91,"column":46}},"42":{"start":{"line":94,"column":6},"end":{"line":94,"column":37}},"43":{"start":{"line":96,"column":6},"end":{"line":106,"column":9}},"44":{"start":{"line":98,"column":8},"end":{"line":98,"column":72}},"45":{"start":{"line":100,"column":8},"end":{"line":105,"column":13}},"46":{"start":{"line":104,"column":12},"end":{"line":104,"column":55}},"47":{"start":{"line":109,"column":4},"end":{"line":109,"column":12}},"48":{"start":{"line":114,"column":27},"end":{"line":126,"column":1}},"49":{"start":{"line":115,"column":2},"end":{"line":125,"column":3}},"50":{"start":{"line":116,"column":4},"end":{"line":122,"column":33}},"51":{"start":{"line":120,"column":8},"end":{"line":120,"column":38}},"52":{"start":{"line":122,"column":22},"end":{"line":122,"column":31}},"53":{"start":{"line":124,"column":4},"end":{"line":124,"column":12}},"54":{"start":{"line":128,"column":0},"end":{"line":135,"column":2}}},"fnMap":{"0":{"name":"(anonymous_0)","decl":{"start":{"line":4,"column":27},"end":{"line":4,"column":28}},"loc":{"start":{"line":4,"column":47},"end":{"line":21,"column":1}},"line":4},"1":{"name":"(anonymous_1)","decl":{"start":{"line":8,"column":12},"end":{"line":8,"column":13}},"loc":{"start":{"line":8,"column":28},"end":{"line":17,"column":7}},"line":8},"2":{"name":"(anonymous_2)","decl":{"start":{"line":14,"column":43},"end":{"line":14,"column":44}},"loc":{"start":{"line":14,"column":59},"end":{"line":16,"column":9}},"line":14},"3":{"name":"(anonymous_3)","decl":{"start":{"line":24,"column":22},"end":{"line":24,"column":23}},"loc":{"start":{"line":24,"column":42},"end":{"line":35,"column":1}},"line":24},"4":{"name":"(anonymous_4)","decl":{"start":{"line":29,"column":12},"end":{"line":29,"column":13}},"loc":{"start":{"line":29,"column":28},"end":{"line":31,"column":7}},"line":29},"5":{"name":"(anonymous_5)","decl":{"start":{"line":38,"column":30},"end":{"line":38,"column":31}},"loc":{"start":{"line":38,"column":50},"end":{"line":68,"column":1}},"line":38},"6":{"name":"(anonymous_6)","decl":{"start":{"line":41,"column":53},"end":{"line":41,"column":54}},"loc":{"start":{"line":41,"column":66},"end":{"line":64,"column":5}},"line":41},"7":{"name":"(anonymous_7)","decl":{"start":{"line":43,"column":63},"end":{"line":43,"column":64}},"loc":{"start":{"line":43,"column":74},"end":{"line":63,"column":7}},"line":43},"8":{"name":"(anonymous_8)","decl":{"start":{"line":50,"column":41},"end":{"line":50,"column":42}},"loc":{"start":{"line":50,"column":55},"end":{"line":62,"column":9}},"line":50},"9":{"name":"(anonymous_9)","decl":{"start":{"line":53,"column":30},"end":{"line":53,"column":31}},"loc":{"start":{"line":53,"column":36},"end":{"line":61,"column":11}},"line":53},"10":{"name":"(anonymous_10)","decl":{"start":{"line":58,"column":20},"end":{"line":58,"column":21}},"loc":{"start":{"line":58,"column":36},"end":{"line":60,"column":15}},"line":58},"11":{"name":"(anonymous_11)","decl":{"start":{"line":71,"column":33},"end":{"line":71,"column":34}},"loc":{"start":{"line":71,"column":53},"end":{"line":83,"column":1}},"line":71},"12":{"name":"(anonymous_12)","decl":{"start":{"line":73,"column":53},"end":{"line":73,"column":54}},"loc":{"start":{"line":73,"column":66},"end":{"line":78,"column":5}},"line":73},"13":{"name":"(anonymous_13)","decl":{"start":{"line":75,"column":26},"end":{"line":75,"column":27}},"loc":{"start":{"line":75,"column":42},"end":{"line":77,"column":7}},"line":75},"14":{"name":"(anonymous_14)","decl":{"start":{"line":86,"column":31},"end":{"line":86,"column":32}},"loc":{"start":{"line":86,"column":51},"end":{"line":111,"column":1}},"line":86},"15":{"name":"(anonymous_15)","decl":{"start":{"line":88,"column":53},"end":{"line":88,"column":54}},"loc":{"start":{"line":88,"column":66},"end":{"line":107,"column":5}},"line":88},"16":{"name":"(anonymous_16)","decl":{"start":{"line":91,"column":8},"end":{"line":91,"column":9}},"loc":{"start":{"line":91,"column":19},"end":{"line":91,"column":46}},"line":91},"17":{"name":"(anonymous_17)","decl":{"start":{"line":96,"column":26},"end":{"line":96,"column":27}},"loc":{"start":{"line":96,"column":32},"end":{"line":106,"column":7}},"line":96},"18":{"name":"(anonymous_18)","decl":{"start":{"line":98,"column":62},"end":{"line":98,"column":63}},"loc":{"start":{"line":98,"column":68},"end":{"line":98,"column":70}},"line":98},"19":{"name":"(anonymous_19)","decl":{"start":{"line":103,"column":16},"end":{"line":103,"column":17}},"loc":{"start":{"line":103,"column":36},"end":{"line":105,"column":11}},"line":103},"20":{"name":"(anonymous_20)","decl":{"start":{"line":114,"column":27},"end":{"line":114,"column":28}},"loc":{"start":{"line":114,"column":47},"end":{"line":126,"column":1}},"line":114},"21":{"name":"(anonymous_21)","decl":{"start":{"line":119,"column":12},"end":{"line":119,"column":13}},"loc":{"start":{"line":119,"column":25},"end":{"line":121,"column":7}},"line":119},"22":{"name":"(anonymous_22)","decl":{"start":{"line":122,"column":13},"end":{"line":122,"column":14}},"loc":{"start":{"line":122,"column":22},"end":{"line":122,"column":31}},"line":122}},"branchMap":{"0":{"loc":{"start":{"line":9,"column":8},"end":{"line":12,"column":9}},"type":"if","locations":[{"start":{"line":9,"column":8},"end":{"line":12,"column":9}},{"start":{},"end":{}}],"line":9},"1":{"loc":{"start":{"line":45,"column":8},"end":{"line":48,"column":9}},"type":"if","locations":[{"start":{"line":45,"column":8},"end":{"line":48,"column":9}},{"start":{},"end":{}}],"line":45}},"s":{"0":5,"1":5,"2":5,"3":1,"4":1,"5":1,"6":0,"7":0,"8":1,"9":1,"10":0,"11":5,"12":1,"13":1,"14":1,"15":0,"16":5,"17":0,"18":0,"19":0,"20":0,"21":0,"22":0,"23":0,"24":0,"25":0,"26":0,"27":0,"28":0,"29":5,"30":0,"31":0,"32":0,"33":0,"34":0,"35":0,"36":0,"37":5,"38":0,"39":0,"40":0,"41":0,"42":0,"43":0,"44":0,"45":0,"46":0,"47":0,"48":5,"49":1,"50":1,"51":1,"52":0,"53":0,"54":5},"f":{"0":1,"1":1,"2":1,"3":1,"4":1,"5":0,"6":0,"7":0,"8":0,"9":0,"10":0,"11":0,"12":0,"13":0,"14":0,"15":0,"16":0,"17":0,"18":0,"19":0,"20":1,"21":1,"22":0},"b":{"0":[0,1],"1":[0,0]},"_coverageSchema":"1a1c01bbd47fc00a2c39e90264f33305004495a9","hash":"9fbc36b324fa9333fd2fecccdd332d3e88098deb"}
,"/Users/Web Final Project/t1-backend-web-api-Dawa1234/Middleware/authentication.js": {"path":"/Users/Web Final Project/t1-backend-web-api-Dawa1234/Middleware/authentication.js","statementMap":{"0":{"start":{"line":1,"column":12},"end":{"line":1,"column":35}},"1":{"start":{"line":3,"column":19},"end":{"line":22,"column":1}},"2":{"start":{"line":5,"column":2},"end":{"line":9,"column":3}},"3":{"start":{"line":6,"column":14},"end":{"line":6,"column":66}},"4":{"start":{"line":7,"column":4},"end":{"line":7,"column":20}},"5":{"start":{"line":8,"column":4},"end":{"line":8,"column":21}},"6":{"start":{"line":13,"column":14},"end":{"line":13,"column":53}},"7":{"start":{"line":16,"column":2},"end":{"line":21,"column":5}},"8":{"start":{"line":17,"column":4},"end":{"line":17,"column":30}},"9":{"start":{"line":17,"column":13},"end":{"line":17,"column":30}},"10":{"start":{"line":18,"column":4},"end":{"line":18,"column":23}},"11":{"start":{"line":20,"column":4},"end":{"line":20,"column":11}},"12":{"start":{"line":25,"column":20},"end":{"line":37,"column":1}},"13":{"start":{"line":27,"column":2},"end":{"line":30,"column":3}},"14":{"start":{"line":28,"column":14},"end":{"line":28,"column":49}},"15":{"start":{"line":29,"column":4},"end":{"line":29,"column":21}},"16":{"start":{"line":31,"column":2},"end":{"line":35,"column":3}},"17":{"start":{"line":32,"column":14},"end":{"line":32,"column":40}},"18":{"start":{"line":33,"column":4},"end":{"line":33,"column":20}},"19":{"start":{"line":34,"column":4},"end":{"line":34,"column":21}},"20":{"start":{"line":36,"column":2},"end":{"line":36,"column":9}},"21":{"start":{"line":39,"column":0},"end":{"line":39,"column":45}}},"fnMap":{"0":{"name":"(anonymous_0)","decl":{"start":{"line":3,"column":19},"end":{"line":3,"column":20}},"loc":{"start":{"line":3,"column":39},"end":{"line":22,"column":1}},"line":3},"1":{"name":"(anonymous_1)","decl":{"start":{"line":16,"column":40},"end":{"line":16,"column":41}},"loc":{"start":{"line":16,"column":58},"end":{"line":21,"column":3}},"line":16},"2":{"name":"(anonymous_2)","decl":{"start":{"line":25,"column":20},"end":{"line":25,"column":21}},"loc":{"start":{"line":25,"column":40},"end":{"line":37,"column":1}},"line":25}},"branchMap":{"0":{"loc":{"start":{"line":5,"column":2},"end":{"line":9,"column":3}},"type":"if","locations":[{"start":{"line":5,"column":2},"end":{"line":9,"column":3}},{"start":{},"end":{}}],"line":5},"1":{"loc":{"start":{"line":17,"column":4},"end":{"line":17,"column":30}},"type":"if","locations":[{"start":{"line":17,"column":4},"end":{"line":17,"column":30}},{"start":{},"end":{}}],"line":17},"2":{"loc":{"start":{"line":27,"column":2},"end":{"line":30,"column":3}},"type":"if","locations":[{"start":{"line":27,"column":2},"end":{"line":30,"column":3}},{"start":{},"end":{}}],"line":27},"3":{"loc":{"start":{"line":31,"column":2},"end":{"line":35,"column":3}},"type":"if","locations":[{"start":{"line":31,"column":2},"end":{"line":35,"column":3}},{"start":{},"end":{}}],"line":31}},"s":{"0":5,"1":5,"2":17,"3":0,"4":0,"5":0,"6":17,"7":17,"8":17,"9":0,"10":17,"11":17,"12":5,"13":2,"14":0,"15":0,"16":2,"17":0,"18":0,"19":0,"20":2,"21":5},"f":{"0":17,"1":17,"2":2},"b":{"0":[0,17],"1":[0,17],"2":[0,2],"3":[0,2]},"_coverageSchema":"1a1c01bbd47fc00a2c39e90264f33305004495a9","hash":"2562b2899b8800bc10ac8bbac23a6c325601d779"}
,"/Users/Web Final Project/t1-backend-web-api-Dawa1234/Middleware/uploadImage.js": {"path":"/Users/Web Final Project/t1-backend-web-api-Dawa1234/Middleware/uploadImage.js","statementMap":{"0":{"start":{"line":1,"column":15},"end":{"line":1,"column":32}},"1":{"start":{"line":2,"column":13},"end":{"line":2,"column":28}},"2":{"start":{"line":5,"column":20},"end":{"line":13,"column":2}},"3":{"start":{"line":7,"column":4},"end":{"line":7,"column":25}},"4":{"start":{"line":10,"column":14},"end":{"line":10,"column":45}},"5":{"start":{"line":11,"column":4},"end":{"line":11,"column":54}},"6":{"start":{"line":16,"column":24},"end":{"line":21,"column":1}},"7":{"start":{"line":17,"column":2},"end":{"line":19,"column":3}},"8":{"start":{"line":18,"column":4},"end":{"line":18,"column":52}},"9":{"start":{"line":20,"column":2},"end":{"line":20,"column":17}},"10":{"start":{"line":24,"column":20},"end":{"line":28,"column":2}},"11":{"start":{"line":30,"column":0},"end":{"line":30,"column":29}}},"fnMap":{"0":{"name":"(anonymous_0)","decl":{"start":{"line":6,"column":15},"end":{"line":6,"column":16}},"loc":{"start":{"line":6,"column":34},"end":{"line":8,"column":3}},"line":6},"1":{"name":"(anonymous_1)","decl":{"start":{"line":9,"column":12},"end":{"line":9,"column":13}},"loc":{"start":{"line":9,"column":31},"end":{"line":12,"column":3}},"line":9},"2":{"name":"(anonymous_2)","decl":{"start":{"line":16,"column":24},"end":{"line":16,"column":25}},"loc":{"start":{"line":16,"column":43},"end":{"line":21,"column":1}},"line":16}},"branchMap":{"0":{"loc":{"start":{"line":17,"column":2},"end":{"line":19,"column":3}},"type":"if","locations":[{"start":{"line":17,"column":2},"end":{"line":19,"column":3}},{"start":{},"end":{}}],"line":17}},"s":{"0":5,"1":5,"2":5,"3":0,"4":0,"5":0,"6":5,"7":0,"8":0,"9":0,"10":5,"11":5},"f":{"0":0,"1":0,"2":0},"b":{"0":[0,0]},"_coverageSchema":"1a1c01bbd47fc00a2c39e90264f33305004495a9","hash":"0ddc70877edfea2389069604033c426bdf01e161"}
,"/Users/Web Final Project/t1-backend-web-api-Dawa1234/Model/floor-model.js": {"path":"/Users/Web Final Project/t1-backend-web-api-Dawa1234/Model/floor-model.js","statementMap":{"0":{"start":{"line":1,"column":17},"end":{"line":1,"column":36}},"1":{"start":{"line":3,"column":20},"end":{"line":14,"column":2}},"2":{"start":{"line":16,"column":0},"end":{"line":16,"column":59}}},"fnMap":{},"branchMap":{},"s":{"0":5,"1":5,"2":5},"f":{},"b":{},"_coverageSchema":"1a1c01bbd47fc00a2c39e90264f33305004495a9","hash":"cd40697249132531276c2715c074eaf96509ebb3"}
,"/Users/Web Final Project/t1-backend-web-api-Dawa1234/Model/parkingSlot-model.js": {"path":"/Users/Web Final Project/t1-backend-web-api-Dawa1234/Model/parkingSlot-model.js","statementMap":{"0":{"start":{"line":1,"column":17},"end":{"line":1,"column":36}},"1":{"start":{"line":3,"column":26},"end":{"line":44,"column":2}},"2":{"start":{"line":45,"column":0},"end":{"line":45,"column":64}}},"fnMap":{},"branchMap":{},"s":{"0":5,"1":5,"2":5},"f":{},"b":{},"_coverageSchema":"1a1c01bbd47fc00a2c39e90264f33305004495a9","hash":"f8a2eaa63623186bca5c64cb7138f86115cbb62e"}
,"/Users/Web Final Project/t1-backend-web-api-Dawa1234/Model/transaction-model.js": {"path":"/Users/Web Final Project/t1-backend-web-api-Dawa1234/Model/transaction-model.js","statementMap":{"0":{"start":{"line":1,"column":17},"end":{"line":1,"column":36}},"1":{"start":{"line":3,"column":26},"end":{"line":23,"column":2}},"2":{"start":{"line":25,"column":0},"end":{"line":25,"column":70}}},"fnMap":{},"branchMap":{},"s":{"0":5,"1":5,"2":5},"f":{},"b":{},"_coverageSchema":"1a1c01bbd47fc00a2c39e90264f33305004495a9","hash":"716ded3d5958756b43aea3d502c044aed3db1e8c"}
,"/Users/Web Final Project/t1-backend-web-api-Dawa1234/Model/user-model.js": {"path":"/Users/Web Final Project/t1-backend-web-api-Dawa1234/Model/user-model.js","statementMap":{"0":{"start":{"line":1,"column":17},"end":{"line":1,"column":36}},"1":{"start":{"line":3,"column":18},"end":{"line":45,"column":2}},"2":{"start":{"line":47,"column":0},"end":{"line":47,"column":56}}},"fnMap":{},"branchMap":{},"s":{"0":5,"1":5,"2":5},"f":{},"b":{},"_coverageSchema":"1a1c01bbd47fc00a2c39e90264f33305004495a9","hash":"af43fd037c41b787687b9ffdd13c82a6340caafe"}
,"/Users/Web Final Project/t1-backend-web-api-Dawa1234/Model/vehicleCategory-model.js": {"path":"/Users/Web Final Project/t1-backend-web-api-Dawa1234/Model/vehicleCategory-model.js","statementMap":{"0":{"start":{"line":1,"column":17},"end":{"line":1,"column":36}},"1":{"start":{"line":3,"column":30},"end":{"line":14,"column":2}},"2":{"start":{"line":15,"column":0},"end":{"line":15,"column":79}}},"fnMap":{},"branchMap":{},"s":{"0":5,"1":5,"2":5},"f":{},"b":{},"_coverageSchema":"1a1c01bbd47fc00a2c39e90264f33305004495a9","hash":"68bbe69701bbfbed3845fea247eea1b0e34d0800"}
,"/Users/Web Final Project/t1-backend-web-api-Dawa1234/Routes/floor-route.js": {"path":"/Users/Web Final Project/t1-backend-web-api-Dawa1234/Routes/floor-route.js","statementMap":{"0":{"start":{"line":1,"column":16},"end":{"line":1,"column":34}},"1":{"start":{"line":2,"column":24},"end":{"line":2,"column":65}},"2":{"start":{"line":3,"column":19},"end":{"line":3,"column":35}},"3":{"start":{"line":5,"column":0},"end":{"line":9,"column":42}},"4":{"start":{"line":11,"column":0},"end":{"line":15,"column":42}},"5":{"start":{"line":17,"column":0},"end":{"line":17,"column":80}},"6":{"start":{"line":18,"column":0},"end":{"line":18,"column":73}},"7":{"start":{"line":19,"column":0},"end":{"line":19,"column":80}},"8":{"start":{"line":24,"column":0},"end":{"line":24,"column":28}}},"fnMap":{},"branchMap":{},"s":{"0":5,"1":5,"2":5,"3":5,"4":5,"5":5,"6":5,"7":5,"8":5},"f":{},"b":{},"_coverageSchema":"1a1c01bbd47fc00a2c39e90264f33305004495a9","hash":"65fcdbb6949f59bceb49047289499fc79f481907"}
,"/Users/Web Final Project/t1-backend-web-api-Dawa1234/Routes/parkingSlot-route.js": {"path":"/Users/Web Final Project/t1-backend-web-api-Dawa1234/Routes/parkingSlot-route.js","statementMap":{"0":{"start":{"line":1,"column":16},"end":{"line":1,"column":34}},"1":{"start":{"line":2,"column":21},"end":{"line":2,"column":37}},"2":{"start":{"line":3,"column":26},"end":{"line":3,"column":73}},"3":{"start":{"line":5,"column":0},"end":{"line":5,"column":59}},"4":{"start":{"line":6,"column":0},"end":{"line":6,"column":66}},"5":{"start":{"line":8,"column":0},"end":{"line":13,"column":48}},"6":{"start":{"line":15,"column":0},"end":{"line":18,"column":40}},"7":{"start":{"line":20,"column":0},"end":{"line":20,"column":30}}},"fnMap":{},"branchMap":{},"s":{"0":5,"1":5,"2":5,"3":5,"4":5,"5":5,"6":5,"7":5},"f":{},"b":{},"_coverageSchema":"1a1c01bbd47fc00a2c39e90264f33305004495a9","hash":"e60efb8c1413a17a6004c9f76371f9175d8fb34f"}
,"/Users/Web Final Project/t1-backend-web-api-Dawa1234/Routes/transaction-route.js": {"path":"/Users/Web Final Project/t1-backend-web-api-Dawa1234/Routes/transaction-route.js","statementMap":{"0":{"start":{"line":1,"column":16},"end":{"line":1,"column":34}},"1":{"start":{"line":2,"column":17},"end":{"line":2,"column":33}},"2":{"start":{"line":3,"column":30},"end":{"line":3,"column":77}},"3":{"start":{"line":5,"column":0},"end":{"line":5,"column":59}},"4":{"start":{"line":7,"column":0},"end":{"line":7,"column":26}}},"fnMap":{},"branchMap":{},"s":{"0":5,"1":5,"2":5,"3":5,"4":5},"f":{},"b":{},"_coverageSchema":"1a1c01bbd47fc00a2c39e90264f33305004495a9","hash":"fc364b1cbe604566b9e0177ce355c5f3c8b870b0"}
,"/Users/Web Final Project/t1-backend-web-api-Dawa1234/Routes/user-route.js": {"path":"/Users/Web Final Project/t1-backend-web-api-Dawa1234/Routes/user-route.js","statementMap":{"0":{"start":{"line":1,"column":16},"end":{"line":1,"column":34}},"1":{"start":{"line":2,"column":18},"end":{"line":2,"column":34}},"2":{"start":{"line":3,"column":36},"end":{"line":3,"column":75}},"3":{"start":{"line":4,"column":23},"end":{"line":4,"column":63}},"4":{"start":{"line":5,"column":20},"end":{"line":5,"column":56}},"5":{"start":{"line":8,"column":0},"end":{"line":8,"column":71}},"6":{"start":{"line":10,"column":0},"end":{"line":10,"column":79}},"7":{"start":{"line":11,"column":0},"end":{"line":11,"column":73}},"8":{"start":{"line":13,"column":0},"end":{"line":13,"column":80}},"9":{"start":{"line":16,"column":0},"end":{"line":20,"column":2}},"10":{"start":{"line":23,"column":0},"end":{"line":23,"column":57}},"11":{"start":{"line":26,"column":0},"end":{"line":31,"column":2}},"12":{"start":{"line":33,"column":0},"end":{"line":38,"column":2}},"13":{"start":{"line":41,"column":0},"end":{"line":41,"column":76}},"14":{"start":{"line":44,"column":0},"end":{"line":44,"column":66}},"15":{"start":{"line":47,"column":0},"end":{"line":47,"column":64}},"16":{"start":{"line":50,"column":0},"end":{"line":50,"column":75}},"17":{"start":{"line":53,"column":0},"end":{"line":58,"column":2}},"18":{"start":{"line":61,"column":0},"end":{"line":65,"column":47}},"19":{"start":{"line":68,"column":0},"end":{"line":68,"column":27}}},"fnMap":{},"branchMap":{},"s":{"0":5,"1":5,"2":5,"3":5,"4":5,"5":5,"6":5,"7":5,"8":5,"9":5,"10":5,"11":5,"12":5,"13":5,"14":5,"15":5,"16":5,"17":5,"18":5,"19":5},"f":{},"b":{},"_coverageSchema":"1a1c01bbd47fc00a2c39e90264f33305004495a9","hash":"9a363764dc1707fc88c9fd73f4b9ef26d7f3224a"}
,"/Users/Web Final Project/t1-backend-web-api-Dawa1234/Routes/vehicleCategory-route.js": {"path":"/Users/Web Final Project/t1-backend-web-api-Dawa1234/Routes/vehicleCategory-route.js","statementMap":{"0":{"start":{"line":1,"column":16},"end":{"line":1,"column":34}},"1":{"start":{"line":2,"column":21},"end":{"line":2,"column":37}},"2":{"start":{"line":3,"column":26},"end":{"line":3,"column":76}},"3":{"start":{"line":5,"column":0},"end":{"line":8,"column":46}},"4":{"start":{"line":10,"column":0},"end":{"line":14,"column":51}},"5":{"start":{"line":16,"column":0},"end":{"line":19,"column":2}},"6":{"start":{"line":21,"column":0},"end":{"line":21,"column":30}}},"fnMap":{},"branchMap":{},"s":{"0":5,"1":5,"2":5,"3":5,"4":5,"5":5,"6":5},"f":{},"b":{},"_coverageSchema":"1a1c01bbd47fc00a2c39e90264f33305004495a9","hash":"9110deb67aa73ad664090d90974b70120392b9f2"}
}
