TN:
SF:script.js
FN:27,(anonymous_0)
FN:30,(anonymous_1)
FN:53,(anonymous_2)
FN:58,(anonymous_3)
FNF:4
FNH:3
FNDA:5,(anonymous_0)
FNDA:0,(anonymous_1)
FNDA:2,(anonymous_2)
FNDA:1,(anonymous_3)
DA:2,5
DA:4,5
DA:5,5
DA:6,5
DA:7,5
DA:8,5
DA:10,5
DA:12,5
DA:13,5
DA:14,5
DA:15,5
DA:16,5
DA:18,5
DA:22,5
DA:23,5
DA:24,5
DA:25,5
DA:28,5
DA:30,0
DA:32,5
DA:36,5
DA:37,5
DA:38,5
DA:39,5
DA:40,5
DA:44,5
DA:45,5
DA:46,5
DA:47,5
DA:48,5
DA:50,5
DA:53,5
DA:54,2
DA:58,5
DA:59,1
DA:62,5
LF:36
LH:35
BRDA:22,0,0,5
BRDA:22,0,1,0
BRF:2
BRH:1
end_of_record
TN:
SF:Controller/floor-controller.js
FN:7,(anonymous_0)
FN:9,(anonymous_1)
FN:14,(anonymous_2)
FN:24,(anonymous_3)
FN:26,(anonymous_4)
FN:35,(anonymous_5)
FN:37,(anonymous_6)
FN:46,(anonymous_7)
FN:51,(anonymous_8)
FN:55,(anonymous_9)
FN:59,(anonymous_10)
FN:66,(anonymous_11)
FN:71,(anonymous_12)
FN:74,(anonymous_13)
FN:81,(anonymous_14)
FN:85,(anonymous_15)
FN:89,(anonymous_16)
FN:96,(anonymous_17)
FN:98,(anonymous_18)
FN:102,(anonymous_19)
FN:111,(anonymous_20)
FN:117,(anonymous_21)
FN:120,(anonymous_22)
FN:122,(anonymous_23)
FN:126,(anonymous_24)
FN:128,(anonymous_25)
FN:133,(anonymous_26)
FN:138,(anonymous_27)
FNF:28
FNH:7
FNDA:1,(anonymous_0)
FNDA:1,(anonymous_1)
FNDA:1,(anonymous_2)
FNDA:1,(anonymous_3)
FNDA:1,(anonymous_4)
FNDA:1,(anonymous_5)
FNDA:1,(anonymous_6)
FNDA:0,(anonymous_7)
FNDA:0,(anonymous_8)
FNDA:0,(anonymous_9)
FNDA:0,(anonymous_10)
FNDA:0,(anonymous_11)
FNDA:0,(anonymous_12)
FNDA:0,(anonymous_13)
FNDA:0,(anonymous_14)
FNDA:0,(anonymous_15)
FNDA:0,(anonymous_16)
FNDA:0,(anonymous_17)
FNDA:0,(anonymous_18)
FNDA:0,(anonymous_19)
FNDA:0,(anonymous_20)
FNDA:0,(anonymous_21)
FNDA:0,(anonymous_22)
FNDA:0,(anonymous_23)
FNDA:0,(anonymous_24)
FNDA:0,(anonymous_25)
FNDA:0,(anonymous_26)
FNDA:0,(anonymous_27)
DA:1,5
DA:2,5
DA:3,5
DA:4,5
DA:7,5
DA:8,1
DA:9,1
DA:10,1
DA:11,0
DA:12,0
DA:14,1
DA:15,1
DA:19,0
DA:24,5
DA:25,1
DA:26,1
DA:27,1
DA:30,0
DA:35,5
DA:36,1
DA:37,1
DA:38,1
DA:41,0
DA:46,5
DA:47,0
DA:48,0
DA:49,0
DA:52,0
DA:53,0
DA:54,0
DA:55,0
DA:56,0
DA:59,0
DA:61,0
DA:66,5
DA:67,0
DA:68,0
DA:72,0
DA:74,0
DA:76,0
DA:81,5
DA:82,0
DA:83,0
DA:87,0
DA:91,0
DA:92,0
DA:93,0
DA:96,0
DA:97,0
DA:98,0
DA:99,0
DA:103,0
DA:111,0
DA:113,0
DA:117,5
DA:118,0
DA:122,0
DA:123,0
DA:125,0
DA:126,0
DA:128,0
DA:130,0
DA:134,0
DA:138,0
DA:141,5
LF:65
LH:23
BRDA:10,0,0,0
BRDA:10,0,1,1
BRDA:91,1,0,0
BRDA:91,1,1,0
BRF:4
BRH:1
end_of_record
TN:
SF:Controller/parkingSlot-controller.js
FN:4,(anonymous_0)
FN:6,(anonymous_1)
FN:13,(anonymous_2)
FN:16,(anonymous_3)
FN:24,(anonymous_4)
FN:29,(anonymous_5)
FN:30,(anonymous_6)
FN:45,(anonymous_7)
FN:48,(anonymous_8)
FN:51,(anonymous_9)
FN:54,(anonymous_10)
FN:58,(anonymous_11)
FN:63,(anonymous_12)
FN:64,(anonymous_13)
FN:76,(anonymous_14)
FN:83,(anonymous_15)
FN:86,(anonymous_16)
FN:104,(anonymous_17)
FN:111,(anonymous_18)
FN:116,(anonymous_19)
FN:134,(anonymous_20)
FN:139,(anonymous_21)
FN:142,(anonymous_22)
FN:149,(anonymous_23)
FN:151,(anonymous_24)
FNF:25
FNH:11
FNDA:1,(anonymous_0)
FNDA:1,(anonymous_1)
FNDA:0,(anonymous_2)
FNDA:1,(anonymous_3)
FNDA:1,(anonymous_4)
FNDA:1,(anonymous_5)
FNDA:0,(anonymous_6)
FNDA:0,(anonymous_7)
FNDA:1,(anonymous_8)
FNDA:1,(anonymous_9)
FNDA:0,(anonymous_10)
FNDA:0,(anonymous_11)
FNDA:0,(anonymous_12)
FNDA:0,(anonymous_13)
FNDA:0,(anonymous_14)
FNDA:0,(anonymous_15)
FNDA:0,(anonymous_16)
FNDA:0,(anonymous_17)
FNDA:0,(anonymous_18)
FNDA:0,(anonymous_19)
FNDA:1,(anonymous_20)
FNDA:1,(anonymous_21)
FNDA:0,(anonymous_22)
FNDA:1,(anonymous_23)
FNDA:1,(anonymous_24)
DA:1,5
DA:4,5
DA:5,1
DA:6,1
DA:7,1
DA:8,0
DA:9,0
DA:11,1
DA:14,0
DA:16,1
DA:19,0
DA:24,5
DA:25,1
DA:30,1
DA:31,0
DA:43,1
DA:45,0
DA:48,5
DA:49,1
DA:52,1
DA:54,0
DA:58,5
DA:60,0
DA:61,0
DA:63,0
DA:64,0
DA:65,0
DA:66,0
DA:67,0
DA:68,0
DA:69,0
DA:72,0
DA:76,5
DA:78,0
DA:80,0
DA:84,0
DA:85,0
DA:86,0
DA:87,0
DA:98,0
DA:104,5
DA:106,0
DA:108,0
DA:113,0
DA:114,0
DA:115,0
DA:116,0
DA:117,0
DA:128,0
DA:134,5
DA:137,1
DA:139,1
DA:140,1
DA:141,0
DA:142,0
DA:143,0
DA:149,5
DA:150,1
DA:151,1
DA:152,1
DA:157,0
DA:161,5
LF:62
LH:26
BRDA:7,0,0,0
BRDA:7,0,1,1
BRF:2
BRH:1
end_of_record
TN:
SF:Controller/transaction-controller.js
FN:3,(anonymous_0)
FN:6,(anonymous_1)
FN:9,(anonymous_2)
FNF:3
FNH:2
FNDA:1,(anonymous_0)
FNDA:1,(anonymous_1)
FNDA:0,(anonymous_2)
DA:1,5
DA:3,5
DA:4,1
DA:7,1
DA:9,0
DA:12,5
LF:6
LH:5
BRF:0
BRH:0
end_of_record
TN:
SF:Controller/user-Controller.js
FN:8,(anonymous_0)
FN:19,(anonymous_1)
FN:22,(anonymous_2)
FN:23,(anonymous_3)
FN:27,(anonymous_4)
FN:33,(anonymous_5)
FN:40,(anonymous_6)
FN:42,(anonymous_7)
FN:74,(anonymous_8)
FN:87,(anonymous_9)
FN:113,(anonymous_10)
FN:126,(anonymous_11)
FN:130,(anonymous_12)
FN:132,(anonymous_13)
FN:145,(anonymous_14)
FN:159,(anonymous_15)
FN:166,(anonymous_16)
FN:169,(anonymous_17)
FN:173,(anonymous_18)
FN:176,(anonymous_19)
FN:182,(anonymous_20)
FN:186,(anonymous_21)
FN:191,(anonymous_22)
FN:209,(anonymous_23)
FN:213,(anonymous_24)
FN:217,(anonymous_25)
FN:220,(anonymous_26)
FN:223,(anonymous_27)
FN:227,(anonymous_28)
FN:230,(anonymous_29)
FN:232,(anonymous_30)
FN:240,(anonymous_31)
FN:244,(anonymous_32)
FN:250,(anonymous_33)
FN:254,(anonymous_34)
FN:261,(anonymous_35)
FN:262,(anonymous_36)
FN:280,(anonymous_37)
FN:285,(anonymous_38)
FN:286,(anonymous_39)
FN:303,(anonymous_40)
FN:305,(anonymous_41)
FN:311,(anonymous_42)
FN:312,(anonymous_43)
FN:317,(anonymous_44)
FN:330,(anonymous_45)
FN:331,(anonymous_46)
FN:337,(anonymous_47)
FN:341,(anonymous_48)
FN:347,(anonymous_49)
FN:349,(anonymous_50)
FN:354,(anonymous_51)
FN:355,(anonymous_52)
FN:363,(anonymous_53)
FN:380,(anonymous_54)
FN:385,(anonymous_55)
FN:386,(anonymous_56)
FNF:57
FNH:19
FNDA:1,(anonymous_0)
FNDA:1,(anonymous_1)
FNDA:1,(anonymous_2)
FNDA:1,(anonymous_3)
FNDA:1,(anonymous_4)
FNDA:0,(anonymous_5)
FNDA:1,(anonymous_6)
FNDA:1,(anonymous_7)
FNDA:0,(anonymous_8)
FNDA:0,(anonymous_9)
FNDA:0,(anonymous_10)
FNDA:0,(anonymous_11)
FNDA:1,(anonymous_12)
FNDA:1,(anonymous_13)
FNDA:1,(anonymous_14)
FNDA:1,(anonymous_15)
FNDA:0,(anonymous_16)
FNDA:0,(anonymous_17)
FNDA:0,(anonymous_18)
FNDA:0,(anonymous_19)
FNDA:0,(anonymous_20)
FNDA:0,(anonymous_21)
FNDA:0,(anonymous_22)
FNDA:0,(anonymous_23)
FNDA:0,(anonymous_24)
FNDA:0,(anonymous_25)
FNDA:0,(anonymous_26)
FNDA:0,(anonymous_27)
FNDA:0,(anonymous_28)
FNDA:0,(anonymous_29)
FNDA:0,(anonymous_30)
FNDA:0,(anonymous_31)
FNDA:0,(anonymous_32)
FNDA:0,(anonymous_33)
FNDA:1,(anonymous_34)
FNDA:1,(anonymous_35)
FNDA:0,(anonymous_36)
FNDA:1,(anonymous_37)
FNDA:1,(anonymous_38)
FNDA:0,(anonymous_39)
FNDA:1,(anonymous_40)
FNDA:1,(anonymous_41)
FNDA:0,(anonymous_42)
FNDA:0,(anonymous_43)
FNDA:0,(anonymous_44)
FNDA:0,(anonymous_45)
FNDA:0,(anonymous_46)
FNDA:0,(anonymous_47)
FNDA:0,(anonymous_48)
FNDA:0,(anonymous_49)
FNDA:0,(anonymous_50)
FNDA:0,(anonymous_51)
FNDA:0,(anonymous_52)
FNDA:0,(anonymous_53)
FNDA:1,(anonymous_54)
FNDA:1,(anonymous_55)
FNDA:0,(anonymous_56)
DA:1,5
DA:2,5
DA:3,5
DA:4,5
DA:5,5
DA:6,5
DA:8,5
DA:10,1
DA:11,1
DA:12,1
DA:14,0
DA:19,5
DA:20,1
DA:21,1
DA:23,1
DA:24,1
DA:25,0
DA:27,1
DA:28,1
DA:31,1
DA:33,0
DA:35,0
DA:40,5
DA:41,1
DA:44,1
DA:45,1
DA:46,1
DA:47,1
DA:50,0
DA:51,0
DA:52,0
DA:53,0
DA:54,0
DA:56,0
DA:58,0
DA:70,0
DA:75,0
DA:76,0
DA:87,0
DA:88,0
DA:89,0
DA:90,0
DA:91,0
DA:92,0
DA:96,0
DA:109,0
DA:114,0
DA:115,0
DA:126,0
DA:130,5
DA:131,1
DA:134,1
DA:135,0
DA:136,0
DA:139,0
DA:145,1
DA:146,1
DA:148,1
DA:157,1
DA:160,1
DA:166,0
DA:169,0
DA:173,5
DA:174,0
DA:175,0
DA:177,0
DA:182,0
DA:186,5
DA:187,0
DA:188,0
DA:189,0
DA:190,0
DA:192,0
DA:193,0
DA:194,0
DA:197,0
DA:198,0
DA:200,0
DA:203,0
DA:204,0
DA:205,0
DA:206,0
DA:209,0
DA:210,0
DA:213,0
DA:217,5
DA:218,0
DA:219,0
DA:221,0
DA:223,0
DA:227,5
DA:228,0
DA:229,0
DA:232,0
DA:233,0
DA:235,0
DA:236,0
DA:237,0
DA:240,0
DA:241,0
DA:243,0
DA:244,0
DA:245,0
DA:250,0
DA:254,5
DA:255,1
DA:256,1
DA:262,1
DA:263,0
DA:275,1
DA:280,5
DA:281,1
DA:282,1
DA:286,1
DA:287,0
DA:299,1
DA:303,5
DA:305,1
DA:306,1
DA:311,5
DA:312,0
DA:313,0
DA:317,5
DA:319,0
DA:321,0
DA:327,0
DA:329,0
DA:330,0
DA:331,0
DA:332,0
DA:333,0
DA:334,0
DA:337,0
DA:338,0
DA:342,0
DA:347,5
DA:349,0
DA:350,0
DA:354,5
DA:355,0
DA:357,0
DA:358,0
DA:359,0
DA:360,0
DA:363,0
DA:364,0
DA:366,0
DA:367,0
DA:368,0
DA:369,0
DA:372,0
DA:380,5
DA:381,1
DA:382,1
DA:386,1
DA:387,0
DA:399,1
DA:403,5
LF:158
LH:59
BRDA:24,0,0,0
BRDA:24,0,1,1
BRDA:44,1,0,1
BRDA:44,1,1,0
BRDA:50,2,0,0
BRDA:50,2,1,0
BRDA:51,3,0,0
BRDA:51,3,1,0
BRDA:56,4,0,0
BRDA:56,4,1,0
BRDA:75,5,0,0
BRDA:75,5,1,0
BRDA:88,6,0,0
BRDA:88,6,1,0
BRDA:89,7,0,0
BRDA:89,7,1,0
BRDA:114,8,0,0
BRDA:114,8,1,0
BRDA:134,9,0,0
BRDA:134,9,1,1
BRDA:146,10,0,0
BRDA:146,10,1,1
BRDA:192,11,0,0
BRDA:192,11,1,0
BRDA:197,12,0,0
BRDA:197,12,1,0
BRDA:233,13,0,0
BRDA:233,13,1,0
BRDA:235,14,0,0
BRDA:235,14,1,0
BRDA:241,15,0,0
BRDA:241,15,1,0
BRDA:357,16,0,0
BRDA:357,16,1,0
BRDA:364,17,0,0
BRDA:364,17,1,0
BRDA:366,18,0,0
BRDA:366,18,1,0
BRF:38
BRH:4
end_of_record
TN:
SF:Controller/vehicleCategory-contoller.js
FN:4,(anonymous_0)
FN:8,(anonymous_1)
FN:14,(anonymous_2)
FN:24,(anonymous_3)
FN:29,(anonymous_4)
FN:38,(anonymous_5)
FN:41,(anonymous_6)
FN:43,(anonymous_7)
FN:50,(anonymous_8)
FN:53,(anonymous_9)
FN:58,(anonymous_10)
FN:71,(anonymous_11)
FN:73,(anonymous_12)
FN:75,(anonymous_13)
FN:86,(anonymous_14)
FN:88,(anonymous_15)
FN:91,(anonymous_16)
FN:96,(anonymous_17)
FN:98,(anonymous_18)
FN:103,(anonymous_19)
FN:114,(anonymous_20)
FN:119,(anonymous_21)
FN:122,(anonymous_22)
FNF:23
FNH:7
FNDA:1,(anonymous_0)
FNDA:1,(anonymous_1)
FNDA:1,(anonymous_2)
FNDA:1,(anonymous_3)
FNDA:1,(anonymous_4)
FNDA:0,(anonymous_5)
FNDA:0,(anonymous_6)
FNDA:0,(anonymous_7)
FNDA:0,(anonymous_8)
FNDA:0,(anonymous_9)
FNDA:0,(anonymous_10)
FNDA:0,(anonymous_11)
FNDA:0,(anonymous_12)
FNDA:0,(anonymous_13)
FNDA:0,(anonymous_14)
FNDA:0,(anonymous_15)
FNDA:0,(anonymous_16)
FNDA:0,(anonymous_17)
FNDA:0,(anonymous_18)
FNDA:0,(anonymous_19)
FNDA:1,(anonymous_20)
FNDA:1,(anonymous_21)
FNDA:0,(anonymous_22)
DA:1,5
DA:2,5
DA:4,5
DA:5,1
DA:6,1
DA:9,1
DA:10,0
DA:11,0
DA:14,1
DA:15,1
DA:19,0
DA:24,5
DA:25,1
DA:26,1
DA:30,1
DA:33,0
DA:38,5
DA:39,0
DA:41,0
DA:43,0
DA:45,0
DA:46,0
DA:47,0
DA:50,0
DA:52,0
DA:53,0
DA:55,0
DA:59,0
DA:66,0
DA:71,5
DA:72,0
DA:73,0
DA:74,0
DA:75,0
DA:76,0
DA:79,0
DA:81,0
DA:86,5
DA:87,0
DA:88,0
DA:90,0
DA:91,0
DA:94,0
DA:96,0
DA:98,0
DA:100,0
DA:104,0
DA:109,0
DA:114,5
DA:115,1
DA:116,1
DA:120,1
DA:122,0
DA:124,0
DA:128,5
LF:55
LH:20
BRDA:9,0,0,0
BRDA:9,0,1,1
BRDA:45,1,0,0
BRDA:45,1,1,0
BRF:4
BRH:1
end_of_record
TN:
SF:Middleware/authentication.js
FN:3,(anonymous_0)
FN:16,(anonymous_1)
FN:25,(anonymous_2)
FNF:3
FNH:3
FNDA:17,(anonymous_0)
FNDA:17,(anonymous_1)
FNDA:2,(anonymous_2)
DA:1,5
DA:3,5
DA:5,17
DA:6,0
DA:7,0
DA:8,0
DA:13,17
DA:16,17
DA:17,17
DA:18,17
DA:20,17
DA:25,5
DA:27,2
DA:28,0
DA:29,0
DA:31,2
DA:32,0
DA:33,0
DA:34,0
DA:36,2
DA:39,5
LF:21
LH:13
BRDA:5,0,0,0
BRDA:5,0,1,17
BRDA:17,1,0,0
BRDA:17,1,1,17
BRDA:27,2,0,0
BRDA:27,2,1,2
BRDA:31,3,0,0
BRDA:31,3,1,2
BRF:8
BRH:4
end_of_record
TN:
SF:Middleware/uploadImage.js
FN:6,(anonymous_0)
FN:9,(anonymous_1)
FN:16,(anonymous_2)
FNF:3
FNH:0
FNDA:0,(anonymous_0)
FNDA:0,(anonymous_1)
FNDA:0,(anonymous_2)
DA:1,5
DA:2,5
DA:5,5
DA:7,0
DA:10,0
DA:11,0
DA:16,5
DA:17,0
DA:18,0
DA:20,0
DA:24,5
DA:30,5
LF:12
LH:6
BRDA:17,0,0,0
BRDA:17,0,1,0
BRF:2
BRH:0
end_of_record
TN:
SF:Model/floor-model.js
FNF:0
FNH:0
DA:1,5
DA:3,5
DA:16,5
LF:3
LH:3
BRF:0
BRH:0
end_of_record
TN:
SF:Model/parkingSlot-model.js
FNF:0
FNH:0
DA:1,5
DA:3,5
DA:45,5
LF:3
LH:3
BRF:0
BRH:0
end_of_record
TN:
SF:Model/transaction-model.js
FNF:0
FNH:0
DA:1,5
DA:3,5
DA:25,5
LF:3
LH:3
BRF:0
BRH:0
end_of_record
TN:
SF:Model/user-model.js
FNF:0
FNH:0
DA:1,5
DA:3,5
DA:47,5
LF:3
LH:3
BRF:0
BRH:0
end_of_record
TN:
SF:Model/vehicleCategory-model.js
FNF:0
FNH:0
DA:1,5
DA:3,5
DA:15,5
LF:3
LH:3
BRF:0
BRH:0
end_of_record
TN:
SF:Routes/floor-route.js
FNF:0
FNH:0
DA:1,5
DA:2,5
DA:3,5
DA:5,5
DA:11,5
DA:17,5
DA:18,5
DA:19,5
DA:24,5
LF:9
LH:9
BRF:0
BRH:0
end_of_record
TN:
SF:Routes/parkingSlot-route.js
FNF:0
FNH:0
DA:1,5
DA:2,5
DA:3,5
DA:5,5
DA:6,5
DA:8,5
DA:15,5
DA:20,5
LF:8
LH:8
BRF:0
BRH:0
end_of_record
TN:
SF:Routes/transaction-route.js
FNF:0
FNH:0
DA:1,5
DA:2,5
DA:3,5
DA:5,5
DA:7,5
LF:5
LH:5
BRF:0
BRH:0
end_of_record
TN:
SF:Routes/user-route.js
FNF:0
FNH:0
DA:1,5
DA:2,5
DA:3,5
DA:4,5
DA:5,5
DA:8,5
DA:10,5
DA:11,5
DA:13,5
DA:16,5
DA:23,5
DA:26,5
DA:33,5
DA:41,5
DA:44,5
DA:47,5
DA:50,5
DA:53,5
DA:61,5
DA:68,5
LF:20
LH:20
BRF:0
BRH:0
end_of_record
TN:
SF:Routes/vehicleCategory-route.js
FNF:0
FNH:0
DA:1,5
DA:2,5
DA:3,5
DA:5,5
DA:10,5
DA:16,5
DA:21,5
LF:7
LH:7
BRF:0
BRH:0
end_of_record
